CRITICAL - 2023-07-11 17:22:19 --> syntax error, unexpected token "}", expecting "," or ";"
in APPPATH\Controllers\Home.php on line 37.
 1 SYSTEMPATH\Autoloader\Autoloader.php(289): CodeIgniter\Autoloader\Autoloader->includeFile()
 2 SYSTEMPATH\Autoloader\Autoloader.php(267): CodeIgniter\Autoloader\Autoloader->loadInNamespace()
 3 [internal function]: CodeIgniter\Autoloader\Autoloader->loadClass()
 4 SYSTEMPATH\CodeIgniter.php(890): class_exists()
 5 SYSTEMPATH\CodeIgniter.php(484): CodeIgniter\CodeIgniter->startController()
 6 SYSTEMPATH\CodeIgniter.php(366): CodeIgniter\CodeIgniter->handleRequest()
 7 FCPATH\index.php(67): CodeIgniter\CodeIgniter->run()
 8 SYSTEMPATH\Commands\Server\rewrite.php(47): require_once('D:\\OSPanel\\domains\\php\\PHP_13Meet_11.07\\Example\\public\\index.php')
CRITICAL - 2023-07-11 17:22:20 --> syntax error, unexpected token "}", expecting "," or ";"
in APPPATH\Controllers\Home.php on line 37.
 1 SYSTEMPATH\Autoloader\Autoloader.php(289): CodeIgniter\Autoloader\Autoloader->includeFile()
 2 SYSTEMPATH\Autoloader\Autoloader.php(267): CodeIgniter\Autoloader\Autoloader->loadInNamespace()
 3 [internal function]: CodeIgniter\Autoloader\Autoloader->loadClass()
 4 SYSTEMPATH\CodeIgniter.php(890): class_exists()
 5 SYSTEMPATH\CodeIgniter.php(484): CodeIgniter\CodeIgniter->startController()
 6 SYSTEMPATH\CodeIgniter.php(366): CodeIgniter\CodeIgniter->handleRequest()
 7 FCPATH\index.php(67): CodeIgniter\CodeIgniter->run()
 8 SYSTEMPATH\Commands\Server\rewrite.php(47): require_once('D:\\OSPanel\\domains\\php\\PHP_13Meet_11.07\\Example\\public\\index.php')
CRITICAL - 2023-07-11 17:22:21 --> syntax error, unexpected token "}", expecting "," or ";"
in APPPATH\Controllers\Home.php on line 37.
 1 SYSTEMPATH\Autoloader\Autoloader.php(289): CodeIgniter\Autoloader\Autoloader->includeFile()
 2 SYSTEMPATH\Autoloader\Autoloader.php(267): CodeIgniter\Autoloader\Autoloader->loadInNamespace()
 3 [internal function]: CodeIgniter\Autoloader\Autoloader->loadClass()
 4 SYSTEMPATH\CodeIgniter.php(890): class_exists()
 5 SYSTEMPATH\CodeIgniter.php(484): CodeIgniter\CodeIgniter->startController()
 6 SYSTEMPATH\CodeIgniter.php(366): CodeIgniter\CodeIgniter->handleRequest()
 7 FCPATH\index.php(67): CodeIgniter\CodeIgniter->run()
 8 SYSTEMPATH\Commands\Server\rewrite.php(47): require_once('D:\\OSPanel\\domains\\php\\PHP_13Meet_11.07\\Example\\public\\index.php')
CRITICAL - 2023-07-11 17:22:23 --> syntax error, unexpected token "}", expecting "," or ";"
in APPPATH\Controllers\Home.php on line 37.
 1 SYSTEMPATH\Autoloader\Autoloader.php(289): CodeIgniter\Autoloader\Autoloader->includeFile()
 2 SYSTEMPATH\Autoloader\Autoloader.php(267): CodeIgniter\Autoloader\Autoloader->loadInNamespace()
 3 [internal function]: CodeIgniter\Autoloader\Autoloader->loadClass()
 4 SYSTEMPATH\CodeIgniter.php(890): class_exists()
 5 SYSTEMPATH\CodeIgniter.php(484): CodeIgniter\CodeIgniter->startController()
 6 SYSTEMPATH\CodeIgniter.php(366): CodeIgniter\CodeIgniter->handleRequest()
 7 FCPATH\index.php(67): CodeIgniter\CodeIgniter->run()
 8 SYSTEMPATH\Commands\Server\rewrite.php(47): require_once('D:\\OSPanel\\domains\\php\\PHP_13Meet_11.07\\Example\\public\\index.php')
CRITICAL - 2023-07-11 17:22:29 --> Attempt to read property "City" on array
in APPPATH\Controllers\Home.php on line 36.
 1 APPPATH\Controllers\Home.php(36): CodeIgniter\Debug\Exceptions->errorHandler()
 2 SYSTEMPATH\CodeIgniter.php(932): App\Controllers\Home->city()
 3 SYSTEMPATH\CodeIgniter.php(497): CodeIgniter\CodeIgniter->runController()
 4 SYSTEMPATH\CodeIgniter.php(366): CodeIgniter\CodeIgniter->handleRequest()
 5 FCPATH\index.php(67): CodeIgniter\CodeIgniter->run()
 6 SYSTEMPATH\Commands\Server\rewrite.php(47): require_once('D:\\OSPanel\\domains\\php\\PHP_13Meet_11.07\\Example\\public\\index.php')
CRITICAL - 2023-07-11 17:22:31 --> Attempt to read property "City" on array
in APPPATH\Controllers\Home.php on line 36.
 1 APPPATH\Controllers\Home.php(36): CodeIgniter\Debug\Exceptions->errorHandler()
 2 SYSTEMPATH\CodeIgniter.php(932): App\Controllers\Home->city()
 3 SYSTEMPATH\CodeIgniter.php(497): CodeIgniter\CodeIgniter->runController()
 4 SYSTEMPATH\CodeIgniter.php(366): CodeIgniter\CodeIgniter->handleRequest()
 5 FCPATH\index.php(67): CodeIgniter\CodeIgniter->run()
 6 SYSTEMPATH\Commands\Server\rewrite.php(47): require_once('D:\\OSPanel\\domains\\php\\PHP_13Meet_11.07\\Example\\public\\index.php')
CRITICAL - 2023-07-11 17:22:49 --> Object of class stdClass could not be converted to string
in APPPATH\Controllers\Home.php on line 36.
 1 SYSTEMPATH\CodeIgniter.php(932): App\Controllers\Home->city()
 2 SYSTEMPATH\CodeIgniter.php(497): CodeIgniter\CodeIgniter->runController()
 3 SYSTEMPATH\CodeIgniter.php(366): CodeIgniter\CodeIgniter->handleRequest()
 4 FCPATH\index.php(67): CodeIgniter\CodeIgniter->run()
 5 SYSTEMPATH\Commands\Server\rewrite.php(47): require_once('D:\\OSPanel\\domains\\php\\PHP_13Meet_11.07\\Example\\public\\index.php')
CRITICAL - 2023-07-11 17:23:06 --> Array to string conversion
in APPPATH\Controllers\Home.php on line 36.
 1 APPPATH\Controllers\Home.php(36): CodeIgniter\Debug\Exceptions->errorHandler()
 2 SYSTEMPATH\CodeIgniter.php(932): App\Controllers\Home->city()
 3 SYSTEMPATH\CodeIgniter.php(497): CodeIgniter\CodeIgniter->runController()
 4 SYSTEMPATH\CodeIgniter.php(366): CodeIgniter\CodeIgniter->handleRequest()
 5 FCPATH\index.php(67): CodeIgniter\CodeIgniter->run()
 6 SYSTEMPATH\Commands\Server\rewrite.php(47): require_once('D:\\OSPanel\\domains\\php\\PHP_13Meet_11.07\\Example\\public\\index.php')
CRITICAL - 2023-07-11 17:23:07 --> Array to string conversion
in APPPATH\Controllers\Home.php on line 36.
 1 APPPATH\Controllers\Home.php(36): CodeIgniter\Debug\Exceptions->errorHandler()
 2 SYSTEMPATH\CodeIgniter.php(932): App\Controllers\Home->city()
 3 SYSTEMPATH\CodeIgniter.php(497): CodeIgniter\CodeIgniter->runController()
 4 SYSTEMPATH\CodeIgniter.php(366): CodeIgniter\CodeIgniter->handleRequest()
 5 FCPATH\index.php(67): CodeIgniter\CodeIgniter->run()
 6 SYSTEMPATH\Commands\Server\rewrite.php(47): require_once('D:\\OSPanel\\domains\\php\\PHP_13Meet_11.07\\Example\\public\\index.php')
CRITICAL - 2023-07-11 17:23:09 --> Array to string conversion
in APPPATH\Controllers\Home.php on line 36.
 1 APPPATH\Controllers\Home.php(36): CodeIgniter\Debug\Exceptions->errorHandler()
 2 SYSTEMPATH\CodeIgniter.php(932): App\Controllers\Home->city()
 3 SYSTEMPATH\CodeIgniter.php(497): CodeIgniter\CodeIgniter->runController()
 4 SYSTEMPATH\CodeIgniter.php(366): CodeIgniter\CodeIgniter->handleRequest()
 5 FCPATH\index.php(67): CodeIgniter\CodeIgniter->run()
 6 SYSTEMPATH\Commands\Server\rewrite.php(47): require_once('D:\\OSPanel\\domains\\php\\PHP_13Meet_11.07\\Example\\public\\index.php')
ERROR - 2023-07-11 17:24:57 --> mysqli_sql_exception: Column 'Id' in where clause is ambiguous in D:\OSPanel\domains\php\PHP_13Meet_11.07\Example\system\Database\MySQLi\Connection.php:295
Stack trace:
#0 D:\OSPanel\domains\php\PHP_13Meet_11.07\Example\system\Database\MySQLi\Connection.php(295): mysqli->query()
#1 D:\OSPanel\domains\php\PHP_13Meet_11.07\Example\system\Database\BaseConnection.php(692): CodeIgniter\Database\MySQLi\Connection->execute()
#2 D:\OSPanel\domains\php\PHP_13Meet_11.07\Example\system\Database\BaseConnection.php(606): CodeIgniter\Database\BaseConnection->simpleQuery()
#3 D:\OSPanel\domains\php\PHP_13Meet_11.07\Example\app\Controllers\Home.php(34): CodeIgniter\Database\BaseConnection->query()
#4 D:\OSPanel\domains\php\PHP_13Meet_11.07\Example\system\CodeIgniter.php(932): App\Controllers\Home->city()
#5 D:\OSPanel\domains\php\PHP_13Meet_11.07\Example\system\CodeIgniter.php(497): CodeIgniter\CodeIgniter->runController()
#6 D:\OSPanel\domains\php\PHP_13Meet_11.07\Example\system\CodeIgniter.php(366): CodeIgniter\CodeIgniter->handleRequest()
#7 D:\OSPanel\domains\php\PHP_13Meet_11.07\Example\public\index.php(67): CodeIgniter\CodeIgniter->run()
#8 D:\OSPanel\domains\php\PHP_13Meet_11.07\Example\system\Commands\Server\rewrite.php(47): require_once('D:\\OSPanel\\doma...')
#9 {main}
CRITICAL - 2023-07-11 17:24:57 --> Column 'Id' in where clause is ambiguous
in SYSTEMPATH\Database\MySQLi\Connection.php on line 295.
 1 SYSTEMPATH\Database\MySQLi\Connection.php(295): mysqli->query()
 2 SYSTEMPATH\Database\BaseConnection.php(692): CodeIgniter\Database\MySQLi\Connection->execute()
 3 SYSTEMPATH\Database\BaseConnection.php(606): CodeIgniter\Database\BaseConnection->simpleQuery()
 4 APPPATH\Controllers\Home.php(34): CodeIgniter\Database\BaseConnection->query()
 5 SYSTEMPATH\CodeIgniter.php(932): App\Controllers\Home->city()
 6 SYSTEMPATH\CodeIgniter.php(497): CodeIgniter\CodeIgniter->runController()
 7 SYSTEMPATH\CodeIgniter.php(366): CodeIgniter\CodeIgniter->handleRequest()
 8 FCPATH\index.php(67): CodeIgniter\CodeIgniter->run()
 9 SYSTEMPATH\Commands\Server\rewrite.php(47): require_once('D:\\OSPanel\\domains\\php\\PHP_13Meet_11.07\\Example\\public\\index.php')
ERROR - 2023-07-11 17:25:10 --> mysqli_sql_exception: Unknown column 'C.Country' in 'field list' in D:\OSPanel\domains\php\PHP_13Meet_11.07\Example\system\Database\MySQLi\Connection.php:295
Stack trace:
#0 D:\OSPanel\domains\php\PHP_13Meet_11.07\Example\system\Database\MySQLi\Connection.php(295): mysqli->query()
#1 D:\OSPanel\domains\php\PHP_13Meet_11.07\Example\system\Database\BaseConnection.php(692): CodeIgniter\Database\MySQLi\Connection->execute()
#2 D:\OSPanel\domains\php\PHP_13Meet_11.07\Example\system\Database\BaseConnection.php(606): CodeIgniter\Database\BaseConnection->simpleQuery()
#3 D:\OSPanel\domains\php\PHP_13Meet_11.07\Example\app\Controllers\Home.php(34): CodeIgniter\Database\BaseConnection->query()
#4 D:\OSPanel\domains\php\PHP_13Meet_11.07\Example\system\CodeIgniter.php(932): App\Controllers\Home->city()
#5 D:\OSPanel\domains\php\PHP_13Meet_11.07\Example\system\CodeIgniter.php(497): CodeIgniter\CodeIgniter->runController()
#6 D:\OSPanel\domains\php\PHP_13Meet_11.07\Example\system\CodeIgniter.php(366): CodeIgniter\CodeIgniter->handleRequest()
#7 D:\OSPanel\domains\php\PHP_13Meet_11.07\Example\public\index.php(67): CodeIgniter\CodeIgniter->run()
#8 D:\OSPanel\domains\php\PHP_13Meet_11.07\Example\system\Commands\Server\rewrite.php(47): require_once('D:\\OSPanel\\doma...')
#9 {main}
CRITICAL - 2023-07-11 17:25:10 --> Unknown column 'C.Country' in 'field list'
in SYSTEMPATH\Database\MySQLi\Connection.php on line 295.
 1 SYSTEMPATH\Database\MySQLi\Connection.php(295): mysqli->query()
 2 SYSTEMPATH\Database\BaseConnection.php(692): CodeIgniter\Database\MySQLi\Connection->execute()
 3 SYSTEMPATH\Database\BaseConnection.php(606): CodeIgniter\Database\BaseConnection->simpleQuery()
 4 APPPATH\Controllers\Home.php(34): CodeIgniter\Database\BaseConnection->query()
 5 SYSTEMPATH\CodeIgniter.php(932): App\Controllers\Home->city()
 6 SYSTEMPATH\CodeIgniter.php(497): CodeIgniter\CodeIgniter->runController()
 7 SYSTEMPATH\CodeIgniter.php(366): CodeIgniter\CodeIgniter->handleRequest()
 8 FCPATH\index.php(67): CodeIgniter\CodeIgniter->run()
 9 SYSTEMPATH\Commands\Server\rewrite.php(47): require_once('D:\\OSPanel\\domains\\php\\PHP_13Meet_11.07\\Example\\public\\index.php')
ERROR - 2023-07-11 17:25:11 --> mysqli_sql_exception: Unknown column 'C.Country' in 'field list' in D:\OSPanel\domains\php\PHP_13Meet_11.07\Example\system\Database\MySQLi\Connection.php:295
Stack trace:
#0 D:\OSPanel\domains\php\PHP_13Meet_11.07\Example\system\Database\MySQLi\Connection.php(295): mysqli->query()
#1 D:\OSPanel\domains\php\PHP_13Meet_11.07\Example\system\Database\BaseConnection.php(692): CodeIgniter\Database\MySQLi\Connection->execute()
#2 D:\OSPanel\domains\php\PHP_13Meet_11.07\Example\system\Database\BaseConnection.php(606): CodeIgniter\Database\BaseConnection->simpleQuery()
#3 D:\OSPanel\domains\php\PHP_13Meet_11.07\Example\app\Controllers\Home.php(34): CodeIgniter\Database\BaseConnection->query()
#4 D:\OSPanel\domains\php\PHP_13Meet_11.07\Example\system\CodeIgniter.php(932): App\Controllers\Home->city()
#5 D:\OSPanel\domains\php\PHP_13Meet_11.07\Example\system\CodeIgniter.php(497): CodeIgniter\CodeIgniter->runController()
#6 D:\OSPanel\domains\php\PHP_13Meet_11.07\Example\system\CodeIgniter.php(366): CodeIgniter\CodeIgniter->handleRequest()
#7 D:\OSPanel\domains\php\PHP_13Meet_11.07\Example\public\index.php(67): CodeIgniter\CodeIgniter->run()
#8 D:\OSPanel\domains\php\PHP_13Meet_11.07\Example\system\Commands\Server\rewrite.php(47): require_once('D:\\OSPanel\\doma...')
#9 {main}
CRITICAL - 2023-07-11 17:25:11 --> Unknown column 'C.Country' in 'field list'
in SYSTEMPATH\Database\MySQLi\Connection.php on line 295.
 1 SYSTEMPATH\Database\MySQLi\Connection.php(295): mysqli->query()
 2 SYSTEMPATH\Database\BaseConnection.php(692): CodeIgniter\Database\MySQLi\Connection->execute()
 3 SYSTEMPATH\Database\BaseConnection.php(606): CodeIgniter\Database\BaseConnection->simpleQuery()
 4 APPPATH\Controllers\Home.php(34): CodeIgniter\Database\BaseConnection->query()
 5 SYSTEMPATH\CodeIgniter.php(932): App\Controllers\Home->city()
 6 SYSTEMPATH\CodeIgniter.php(497): CodeIgniter\CodeIgniter->runController()
 7 SYSTEMPATH\CodeIgniter.php(366): CodeIgniter\CodeIgniter->handleRequest()
 8 FCPATH\index.php(67): CodeIgniter\CodeIgniter->run()
 9 SYSTEMPATH\Commands\Server\rewrite.php(47): require_once('D:\\OSPanel\\domains\\php\\PHP_13Meet_11.07\\Example\\public\\index.php')
ERROR - 2023-07-11 17:25:30 --> mysqli_sql_exception: Column 'Id' in where clause is ambiguous in D:\OSPanel\domains\php\PHP_13Meet_11.07\Example\system\Database\MySQLi\Connection.php:295
Stack trace:
#0 D:\OSPanel\domains\php\PHP_13Meet_11.07\Example\system\Database\MySQLi\Connection.php(295): mysqli->query()
#1 D:\OSPanel\domains\php\PHP_13Meet_11.07\Example\system\Database\BaseConnection.php(692): CodeIgniter\Database\MySQLi\Connection->execute()
#2 D:\OSPanel\domains\php\PHP_13Meet_11.07\Example\system\Database\BaseConnection.php(606): CodeIgniter\Database\BaseConnection->simpleQuery()
#3 D:\OSPanel\domains\php\PHP_13Meet_11.07\Example\app\Controllers\Home.php(34): CodeIgniter\Database\BaseConnection->query()
#4 D:\OSPanel\domains\php\PHP_13Meet_11.07\Example\system\CodeIgniter.php(932): App\Controllers\Home->city()
#5 D:\OSPanel\domains\php\PHP_13Meet_11.07\Example\system\CodeIgniter.php(497): CodeIgniter\CodeIgniter->runController()
#6 D:\OSPanel\domains\php\PHP_13Meet_11.07\Example\system\CodeIgniter.php(366): CodeIgniter\CodeIgniter->handleRequest()
#7 D:\OSPanel\domains\php\PHP_13Meet_11.07\Example\public\index.php(67): CodeIgniter\CodeIgniter->run()
#8 D:\OSPanel\domains\php\PHP_13Meet_11.07\Example\system\Commands\Server\rewrite.php(47): require_once('D:\\OSPanel\\doma...')
#9 {main}
CRITICAL - 2023-07-11 17:25:30 --> Column 'Id' in where clause is ambiguous
in SYSTEMPATH\Database\MySQLi\Connection.php on line 295.
 1 SYSTEMPATH\Database\MySQLi\Connection.php(295): mysqli->query()
 2 SYSTEMPATH\Database\BaseConnection.php(692): CodeIgniter\Database\MySQLi\Connection->execute()
 3 SYSTEMPATH\Database\BaseConnection.php(606): CodeIgniter\Database\BaseConnection->simpleQuery()
 4 APPPATH\Controllers\Home.php(34): CodeIgniter\Database\BaseConnection->query()
 5 SYSTEMPATH\CodeIgniter.php(932): App\Controllers\Home->city()
 6 SYSTEMPATH\CodeIgniter.php(497): CodeIgniter\CodeIgniter->runController()
 7 SYSTEMPATH\CodeIgniter.php(366): CodeIgniter\CodeIgniter->handleRequest()
 8 FCPATH\index.php(67): CodeIgniter\CodeIgniter->run()
 9 SYSTEMPATH\Commands\Server\rewrite.php(47): require_once('D:\\OSPanel\\domains\\php\\PHP_13Meet_11.07\\Example\\public\\index.php')
ERROR - 2023-07-11 17:25:31 --> mysqli_sql_exception: Column 'Id' in where clause is ambiguous in D:\OSPanel\domains\php\PHP_13Meet_11.07\Example\system\Database\MySQLi\Connection.php:295
Stack trace:
#0 D:\OSPanel\domains\php\PHP_13Meet_11.07\Example\system\Database\MySQLi\Connection.php(295): mysqli->query()
#1 D:\OSPanel\domains\php\PHP_13Meet_11.07\Example\system\Database\BaseConnection.php(692): CodeIgniter\Database\MySQLi\Connection->execute()
#2 D:\OSPanel\domains\php\PHP_13Meet_11.07\Example\system\Database\BaseConnection.php(606): CodeIgniter\Database\BaseConnection->simpleQuery()
#3 D:\OSPanel\domains\php\PHP_13Meet_11.07\Example\app\Controllers\Home.php(34): CodeIgniter\Database\BaseConnection->query()
#4 D:\OSPanel\domains\php\PHP_13Meet_11.07\Example\system\CodeIgniter.php(932): App\Controllers\Home->city()
#5 D:\OSPanel\domains\php\PHP_13Meet_11.07\Example\system\CodeIgniter.php(497): CodeIgniter\CodeIgniter->runController()
#6 D:\OSPanel\domains\php\PHP_13Meet_11.07\Example\system\CodeIgniter.php(366): CodeIgniter\CodeIgniter->handleRequest()
#7 D:\OSPanel\domains\php\PHP_13Meet_11.07\Example\public\index.php(67): CodeIgniter\CodeIgniter->run()
#8 D:\OSPanel\domains\php\PHP_13Meet_11.07\Example\system\Commands\Server\rewrite.php(47): require_once('D:\\OSPanel\\doma...')
#9 {main}
CRITICAL - 2023-07-11 17:25:31 --> Column 'Id' in where clause is ambiguous
in SYSTEMPATH\Database\MySQLi\Connection.php on line 295.
 1 SYSTEMPATH\Database\MySQLi\Connection.php(295): mysqli->query()
 2 SYSTEMPATH\Database\BaseConnection.php(692): CodeIgniter\Database\MySQLi\Connection->execute()
 3 SYSTEMPATH\Database\BaseConnection.php(606): CodeIgniter\Database\BaseConnection->simpleQuery()
 4 APPPATH\Controllers\Home.php(34): CodeIgniter\Database\BaseConnection->query()
 5 SYSTEMPATH\CodeIgniter.php(932): App\Controllers\Home->city()
 6 SYSTEMPATH\CodeIgniter.php(497): CodeIgniter\CodeIgniter->runController()
 7 SYSTEMPATH\CodeIgniter.php(366): CodeIgniter\CodeIgniter->handleRequest()
 8 FCPATH\index.php(67): CodeIgniter\CodeIgniter->run()
 9 SYSTEMPATH\Commands\Server\rewrite.php(47): require_once('D:\\OSPanel\\domains\\php\\PHP_13Meet_11.07\\Example\\public\\index.php')
CRITICAL - 2023-07-11 17:27:45 --> Trying to access array offset on value of type null
in APPPATH\Controllers\Home.php on line 36.
 1 APPPATH\Controllers\Home.php(36): CodeIgniter\Debug\Exceptions->errorHandler()
 2 SYSTEMPATH\CodeIgniter.php(932): App\Controllers\Home->city()
 3 SYSTEMPATH\CodeIgniter.php(497): CodeIgniter\CodeIgniter->runController()
 4 SYSTEMPATH\CodeIgniter.php(366): CodeIgniter\CodeIgniter->handleRequest()
 5 FCPATH\index.php(67): CodeIgniter\CodeIgniter->run()
 6 SYSTEMPATH\Commands\Server\rewrite.php(47): require_once('D:\\OSPanel\\domains\\php\\PHP_13Meet_11.07\\Example\\public\\index.php')
CRITICAL - 2023-07-11 17:27:46 --> Trying to access array offset on value of type null
in APPPATH\Controllers\Home.php on line 36.
 1 APPPATH\Controllers\Home.php(36): CodeIgniter\Debug\Exceptions->errorHandler()
 2 SYSTEMPATH\CodeIgniter.php(932): App\Controllers\Home->city()
 3 SYSTEMPATH\CodeIgniter.php(497): CodeIgniter\CodeIgniter->runController()
 4 SYSTEMPATH\CodeIgniter.php(366): CodeIgniter\CodeIgniter->handleRequest()
 5 FCPATH\index.php(67): CodeIgniter\CodeIgniter->run()
 6 SYSTEMPATH\Commands\Server\rewrite.php(47): require_once('D:\\OSPanel\\domains\\php\\PHP_13Meet_11.07\\Example\\public\\index.php')
CRITICAL - 2023-07-11 17:27:50 --> Trying to access array offset on value of type null
in APPPATH\Controllers\Home.php on line 36.
 1 APPPATH\Controllers\Home.php(36): CodeIgniter\Debug\Exceptions->errorHandler()
 2 SYSTEMPATH\CodeIgniter.php(932): App\Controllers\Home->city()
 3 SYSTEMPATH\CodeIgniter.php(497): CodeIgniter\CodeIgniter->runController()
 4 SYSTEMPATH\CodeIgniter.php(366): CodeIgniter\CodeIgniter->handleRequest()
 5 FCPATH\index.php(67): CodeIgniter\CodeIgniter->run()
 6 SYSTEMPATH\Commands\Server\rewrite.php(47): require_once('D:\\OSPanel\\domains\\php\\PHP_13Meet_11.07\\Example\\public\\index.php')
CRITICAL - 2023-07-11 17:28:20 --> Attempt to read property "City" on null
in APPPATH\Controllers\Home.php on line 36.
 1 APPPATH\Controllers\Home.php(36): CodeIgniter\Debug\Exceptions->errorHandler()
 2 SYSTEMPATH\CodeIgniter.php(932): App\Controllers\Home->city()
 3 SYSTEMPATH\CodeIgniter.php(497): CodeIgniter\CodeIgniter->runController()
 4 SYSTEMPATH\CodeIgniter.php(366): CodeIgniter\CodeIgniter->handleRequest()
 5 FCPATH\index.php(67): CodeIgniter\CodeIgniter->run()
 6 SYSTEMPATH\Commands\Server\rewrite.php(47): require_once('D:\\OSPanel\\domains\\php\\PHP_13Meet_11.07\\Example\\public\\index.php')
CRITICAL - 2023-07-11 17:40:29 --> Too few arguments to function App\Controllers\Home::info(), 0 passed in D:\OSPanel\domains\php\PHP_13Meet_11.07\Example\system\CodeIgniter.php on line 932 and exactly 1 expected
in APPPATH\Controllers\Home.php on line 45.
 1 SYSTEMPATH\CodeIgniter.php(932): App\Controllers\Home->info()
 2 SYSTEMPATH\CodeIgniter.php(497): CodeIgniter\CodeIgniter->runController()
 3 SYSTEMPATH\CodeIgniter.php(366): CodeIgniter\CodeIgniter->handleRequest()
 4 FCPATH\index.php(67): CodeIgniter\CodeIgniter->run()
 5 SYSTEMPATH\Commands\Server\rewrite.php(47): require_once('D:\\OSPanel\\domains\\php\\PHP_13Meet_11.07\\Example\\public\\index.php')
CRITICAL - 2023-07-11 17:40:35 --> Too few arguments to function App\Controllers\Home::info(), 0 passed in D:\OSPanel\domains\php\PHP_13Meet_11.07\Example\system\CodeIgniter.php on line 932 and exactly 1 expected
in APPPATH\Controllers\Home.php on line 45.
 1 SYSTEMPATH\CodeIgniter.php(932): App\Controllers\Home->info()
 2 SYSTEMPATH\CodeIgniter.php(497): CodeIgniter\CodeIgniter->runController()
 3 SYSTEMPATH\CodeIgniter.php(366): CodeIgniter\CodeIgniter->handleRequest()
 4 FCPATH\index.php(67): CodeIgniter\CodeIgniter->run()
 5 SYSTEMPATH\Commands\Server\rewrite.php(47): require_once('D:\\OSPanel\\domains\\php\\PHP_13Meet_11.07\\Example\\public\\index.php')
CRITICAL - 2023-07-11 17:56:42 --> Invalid file: "info.php"
in SYSTEMPATH\Exceptions\FrameworkException.php on line 33.
 1 SYSTEMPATH\View\View.php(212): CodeIgniter\Exceptions\FrameworkException::forInvalidFile()
 2 SYSTEMPATH\Common.php(1180): CodeIgniter\View\View->render()
 3 APPPATH\Controllers\Home.php(57): view()
 4 SYSTEMPATH\CodeIgniter.php(932): App\Controllers\Home->info()
 5 SYSTEMPATH\CodeIgniter.php(497): CodeIgniter\CodeIgniter->runController()
 6 SYSTEMPATH\CodeIgniter.php(366): CodeIgniter\CodeIgniter->handleRequest()
 7 FCPATH\index.php(67): CodeIgniter\CodeIgniter->run()
 8 SYSTEMPATH\Commands\Server\rewrite.php(47): require_once('D:\\OSPanel\\domains\\php\\PHP_13Meet_11.07\\Example\\public\\index.php')
CRITICAL - 2023-07-11 17:56:54 --> Invalid file: "ciry.php"
in SYSTEMPATH\Exceptions\FrameworkException.php on line 33.
 1 SYSTEMPATH\View\View.php(212): CodeIgniter\Exceptions\FrameworkException::forInvalidFile()
 2 SYSTEMPATH\Common.php(1180): CodeIgniter\View\View->render()
 3 APPPATH\Controllers\Home.php(57): view()
 4 SYSTEMPATH\CodeIgniter.php(932): App\Controllers\Home->info()
 5 SYSTEMPATH\CodeIgniter.php(497): CodeIgniter\CodeIgniter->runController()
 6 SYSTEMPATH\CodeIgniter.php(366): CodeIgniter\CodeIgniter->handleRequest()
 7 FCPATH\index.php(67): CodeIgniter\CodeIgniter->run()
 8 SYSTEMPATH\Commands\Server\rewrite.php(47): require_once('D:\\OSPanel\\domains\\php\\PHP_13Meet_11.07\\Example\\public\\index.php')
CRITICAL - 2023-07-11 17:56:55 --> Invalid file: "ciry.php"
in SYSTEMPATH\Exceptions\FrameworkException.php on line 33.
 1 SYSTEMPATH\View\View.php(212): CodeIgniter\Exceptions\FrameworkException::forInvalidFile()
 2 SYSTEMPATH\Common.php(1180): CodeIgniter\View\View->render()
 3 APPPATH\Controllers\Home.php(57): view()
 4 SYSTEMPATH\CodeIgniter.php(932): App\Controllers\Home->info()
 5 SYSTEMPATH\CodeIgniter.php(497): CodeIgniter\CodeIgniter->runController()
 6 SYSTEMPATH\CodeIgniter.php(366): CodeIgniter\CodeIgniter->handleRequest()
 7 FCPATH\index.php(67): CodeIgniter\CodeIgniter->run()
 8 SYSTEMPATH\Commands\Server\rewrite.php(47): require_once('D:\\OSPanel\\domains\\php\\PHP_13Meet_11.07\\Example\\public\\index.php')
