CRITICAL - 2023-07-14 11:42:05 --> Undefined array key 0
in APPPATH\Controllers\Home.php on line 17.
 1 APPPATH\Controllers\Home.php(17): CodeIgniter\Debug\Exceptions->errorHandler()
 2 SYSTEMPATH\CodeIgniter.php(932): App\Controllers\Home->Tours()
 3 SYSTEMPATH\CodeIgniter.php(497): CodeIgniter\CodeIgniter->runController()
 4 SYSTEMPATH\CodeIgniter.php(366): CodeIgniter\CodeIgniter->handleRequest()
 5 FCPATH\index.php(67): CodeIgniter\CodeIgniter->run()
 6 SYSTEMPATH\Commands\Server\rewrite.php(47): require_once('D:\\OSPanel\\domains\\php\\PHP_13Meet_11.07\\Pr13_11.07\\public\\index.php')
CRITICAL - 2023-07-14 11:42:06 --> Undefined array key 0
in APPPATH\Controllers\Home.php on line 17.
 1 APPPATH\Controllers\Home.php(17): CodeIgniter\Debug\Exceptions->errorHandler()
 2 SYSTEMPATH\CodeIgniter.php(932): App\Controllers\Home->Tours()
 3 SYSTEMPATH\CodeIgniter.php(497): CodeIgniter\CodeIgniter->runController()
 4 SYSTEMPATH\CodeIgniter.php(366): CodeIgniter\CodeIgniter->handleRequest()
 5 FCPATH\index.php(67): CodeIgniter\CodeIgniter->run()
 6 SYSTEMPATH\Commands\Server\rewrite.php(47): require_once('D:\\OSPanel\\domains\\php\\PHP_13Meet_11.07\\Pr13_11.07\\public\\index.php')
CRITICAL - 2023-07-14 11:42:41 --> Undefined array key 0
in APPPATH\Controllers\Home.php on line 17.
 1 APPPATH\Controllers\Home.php(17): CodeIgniter\Debug\Exceptions->errorHandler()
 2 SYSTEMPATH\CodeIgniter.php(932): App\Controllers\Home->Tours()
 3 SYSTEMPATH\CodeIgniter.php(497): CodeIgniter\CodeIgniter->runController()
 4 SYSTEMPATH\CodeIgniter.php(366): CodeIgniter\CodeIgniter->handleRequest()
 5 FCPATH\index.php(67): CodeIgniter\CodeIgniter->run()
 6 SYSTEMPATH\Commands\Server\rewrite.php(47): require_once('D:\\OSPanel\\domains\\php\\PHP_13Meet_11.07\\Pr13_11.07\\public\\index.php')
CRITICAL - 2023-07-14 11:42:42 --> Undefined array key 0
in APPPATH\Controllers\Home.php on line 17.
 1 APPPATH\Controllers\Home.php(17): CodeIgniter\Debug\Exceptions->errorHandler()
 2 SYSTEMPATH\CodeIgniter.php(932): App\Controllers\Home->Tours()
 3 SYSTEMPATH\CodeIgniter.php(497): CodeIgniter\CodeIgniter->runController()
 4 SYSTEMPATH\CodeIgniter.php(366): CodeIgniter\CodeIgniter->handleRequest()
 5 FCPATH\index.php(67): CodeIgniter\CodeIgniter->run()
 6 SYSTEMPATH\Commands\Server\rewrite.php(47): require_once('D:\\OSPanel\\domains\\php\\PHP_13Meet_11.07\\Pr13_11.07\\public\\index.php')
CRITICAL - 2023-07-14 11:43:10 --> Undefined array key 0
in APPPATH\Controllers\Home.php on line 17.
 1 APPPATH\Controllers\Home.php(17): CodeIgniter\Debug\Exceptions->errorHandler()
 2 SYSTEMPATH\CodeIgniter.php(932): App\Controllers\Home->Tours()
 3 SYSTEMPATH\CodeIgniter.php(497): CodeIgniter\CodeIgniter->runController()
 4 SYSTEMPATH\CodeIgniter.php(366): CodeIgniter\CodeIgniter->handleRequest()
 5 FCPATH\index.php(67): CodeIgniter\CodeIgniter->run()
 6 SYSTEMPATH\Commands\Server\rewrite.php(47): require_once('D:\\OSPanel\\domains\\php\\PHP_13Meet_11.07\\Pr13_11.07\\public\\index.php')
CRITICAL - 2023-07-14 11:43:11 --> Undefined array key 0
in APPPATH\Controllers\Home.php on line 17.
 1 APPPATH\Controllers\Home.php(17): CodeIgniter\Debug\Exceptions->errorHandler()
 2 SYSTEMPATH\CodeIgniter.php(932): App\Controllers\Home->Tours()
 3 SYSTEMPATH\CodeIgniter.php(497): CodeIgniter\CodeIgniter->runController()
 4 SYSTEMPATH\CodeIgniter.php(366): CodeIgniter\CodeIgniter->handleRequest()
 5 FCPATH\index.php(67): CodeIgniter\CodeIgniter->run()
 6 SYSTEMPATH\Commands\Server\rewrite.php(47): require_once('D:\\OSPanel\\domains\\php\\PHP_13Meet_11.07\\Pr13_11.07\\public\\index.php')
CRITICAL - 2023-07-14 11:43:12 --> Undefined array key 0
in APPPATH\Controllers\Home.php on line 17.
 1 APPPATH\Controllers\Home.php(17): CodeIgniter\Debug\Exceptions->errorHandler()
 2 SYSTEMPATH\CodeIgniter.php(932): App\Controllers\Home->Tours()
 3 SYSTEMPATH\CodeIgniter.php(497): CodeIgniter\CodeIgniter->runController()
 4 SYSTEMPATH\CodeIgniter.php(366): CodeIgniter\CodeIgniter->handleRequest()
 5 FCPATH\index.php(67): CodeIgniter\CodeIgniter->run()
 6 SYSTEMPATH\Commands\Server\rewrite.php(47): require_once('D:\\OSPanel\\domains\\php\\PHP_13Meet_11.07\\Pr13_11.07\\public\\index.php')
CRITICAL - 2023-07-14 11:43:13 --> Undefined array key 0
in APPPATH\Controllers\Home.php on line 17.
 1 APPPATH\Controllers\Home.php(17): CodeIgniter\Debug\Exceptions->errorHandler()
 2 SYSTEMPATH\CodeIgniter.php(932): App\Controllers\Home->Tours()
 3 SYSTEMPATH\CodeIgniter.php(497): CodeIgniter\CodeIgniter->runController()
 4 SYSTEMPATH\CodeIgniter.php(366): CodeIgniter\CodeIgniter->handleRequest()
 5 FCPATH\index.php(67): CodeIgniter\CodeIgniter->run()
 6 SYSTEMPATH\Commands\Server\rewrite.php(47): require_once('D:\\OSPanel\\domains\\php\\PHP_13Meet_11.07\\Pr13_11.07\\public\\index.php')
CRITICAL - 2023-07-14 11:43:41 --> Undefined array key 0
in APPPATH\Controllers\Home.php on line 18.
 1 APPPATH\Controllers\Home.php(18): CodeIgniter\Debug\Exceptions->errorHandler()
 2 SYSTEMPATH\CodeIgniter.php(932): App\Controllers\Home->Tours()
 3 SYSTEMPATH\CodeIgniter.php(497): CodeIgniter\CodeIgniter->runController()
 4 SYSTEMPATH\CodeIgniter.php(366): CodeIgniter\CodeIgniter->handleRequest()
 5 FCPATH\index.php(67): CodeIgniter\CodeIgniter->run()
 6 SYSTEMPATH\Commands\Server\rewrite.php(47): require_once('D:\\OSPanel\\domains\\php\\PHP_13Meet_11.07\\Pr13_11.07\\public\\index.php')
CRITICAL - 2023-07-14 11:43:59 --> Undefined array key 0
in APPPATH\Controllers\Home.php on line 18.
 1 APPPATH\Controllers\Home.php(18): CodeIgniter\Debug\Exceptions->errorHandler()
 2 SYSTEMPATH\CodeIgniter.php(932): App\Controllers\Home->Tours()
 3 SYSTEMPATH\CodeIgniter.php(497): CodeIgniter\CodeIgniter->runController()
 4 SYSTEMPATH\CodeIgniter.php(366): CodeIgniter\CodeIgniter->handleRequest()
 5 FCPATH\index.php(67): CodeIgniter\CodeIgniter->run()
 6 SYSTEMPATH\Commands\Server\rewrite.php(47): require_once('D:\\OSPanel\\domains\\php\\PHP_13Meet_11.07\\Pr13_11.07\\public\\index.php')
CRITICAL - 2023-07-14 11:44:00 --> Undefined array key 0
in APPPATH\Controllers\Home.php on line 18.
 1 APPPATH\Controllers\Home.php(18): CodeIgniter\Debug\Exceptions->errorHandler()
 2 SYSTEMPATH\CodeIgniter.php(932): App\Controllers\Home->Tours()
 3 SYSTEMPATH\CodeIgniter.php(497): CodeIgniter\CodeIgniter->runController()
 4 SYSTEMPATH\CodeIgniter.php(366): CodeIgniter\CodeIgniter->handleRequest()
 5 FCPATH\index.php(67): CodeIgniter\CodeIgniter->run()
 6 SYSTEMPATH\Commands\Server\rewrite.php(47): require_once('D:\\OSPanel\\domains\\php\\PHP_13Meet_11.07\\Pr13_11.07\\public\\index.php')
CRITICAL - 2023-07-14 11:44:01 --> Undefined array key 0
in APPPATH\Controllers\Home.php on line 18.
 1 APPPATH\Controllers\Home.php(18): CodeIgniter\Debug\Exceptions->errorHandler()
 2 SYSTEMPATH\CodeIgniter.php(932): App\Controllers\Home->Tours()
 3 SYSTEMPATH\CodeIgniter.php(497): CodeIgniter\CodeIgniter->runController()
 4 SYSTEMPATH\CodeIgniter.php(366): CodeIgniter\CodeIgniter->handleRequest()
 5 FCPATH\index.php(67): CodeIgniter\CodeIgniter->run()
 6 SYSTEMPATH\Commands\Server\rewrite.php(47): require_once('D:\\OSPanel\\domains\\php\\PHP_13Meet_11.07\\Pr13_11.07\\public\\index.php')
CRITICAL - 2023-07-14 11:44:02 --> Undefined array key 0
in APPPATH\Controllers\Home.php on line 18.
 1 APPPATH\Controllers\Home.php(18): CodeIgniter\Debug\Exceptions->errorHandler()
 2 SYSTEMPATH\CodeIgniter.php(932): App\Controllers\Home->Tours()
 3 SYSTEMPATH\CodeIgniter.php(497): CodeIgniter\CodeIgniter->runController()
 4 SYSTEMPATH\CodeIgniter.php(366): CodeIgniter\CodeIgniter->handleRequest()
 5 FCPATH\index.php(67): CodeIgniter\CodeIgniter->run()
 6 SYSTEMPATH\Commands\Server\rewrite.php(47): require_once('D:\\OSPanel\\domains\\php\\PHP_13Meet_11.07\\Pr13_11.07\\public\\index.php')
CRITICAL - 2023-07-14 11:44:03 --> Undefined array key 0
in APPPATH\Controllers\Home.php on line 18.
 1 APPPATH\Controllers\Home.php(18): CodeIgniter\Debug\Exceptions->errorHandler()
 2 SYSTEMPATH\CodeIgniter.php(932): App\Controllers\Home->Tours()
 3 SYSTEMPATH\CodeIgniter.php(497): CodeIgniter\CodeIgniter->runController()
 4 SYSTEMPATH\CodeIgniter.php(366): CodeIgniter\CodeIgniter->handleRequest()
 5 FCPATH\index.php(67): CodeIgniter\CodeIgniter->run()
 6 SYSTEMPATH\Commands\Server\rewrite.php(47): require_once('D:\\OSPanel\\domains\\php\\PHP_13Meet_11.07\\Pr13_11.07\\public\\index.php')
CRITICAL - 2023-07-14 11:44:41 --> Undefined array key 0
in APPPATH\Controllers\Home.php on line 18.
 1 APPPATH\Controllers\Home.php(18): CodeIgniter\Debug\Exceptions->errorHandler()
 2 SYSTEMPATH\CodeIgniter.php(932): App\Controllers\Home->Tours()
 3 SYSTEMPATH\CodeIgniter.php(497): CodeIgniter\CodeIgniter->runController()
 4 SYSTEMPATH\CodeIgniter.php(366): CodeIgniter\CodeIgniter->handleRequest()
 5 FCPATH\index.php(67): CodeIgniter\CodeIgniter->run()
 6 SYSTEMPATH\Commands\Server\rewrite.php(47): require_once('D:\\OSPanel\\domains\\php\\PHP_13Meet_11.07\\Pr13_11.07\\public\\index.php')
CRITICAL - 2023-07-14 11:44:42 --> Undefined array key 0
in APPPATH\Controllers\Home.php on line 18.
 1 APPPATH\Controllers\Home.php(18): CodeIgniter\Debug\Exceptions->errorHandler()
 2 SYSTEMPATH\CodeIgniter.php(932): App\Controllers\Home->Tours()
 3 SYSTEMPATH\CodeIgniter.php(497): CodeIgniter\CodeIgniter->runController()
 4 SYSTEMPATH\CodeIgniter.php(366): CodeIgniter\CodeIgniter->handleRequest()
 5 FCPATH\index.php(67): CodeIgniter\CodeIgniter->run()
 6 SYSTEMPATH\Commands\Server\rewrite.php(47): require_once('D:\\OSPanel\\domains\\php\\PHP_13Meet_11.07\\Pr13_11.07\\public\\index.php')
CRITICAL - 2023-07-14 11:44:48 --> Undefined array key 0
in APPPATH\Controllers\Home.php on line 18.
 1 APPPATH\Controllers\Home.php(18): CodeIgniter\Debug\Exceptions->errorHandler()
 2 SYSTEMPATH\CodeIgniter.php(932): App\Controllers\Home->Tours()
 3 SYSTEMPATH\CodeIgniter.php(497): CodeIgniter\CodeIgniter->runController()
 4 SYSTEMPATH\CodeIgniter.php(366): CodeIgniter\CodeIgniter->handleRequest()
 5 FCPATH\index.php(67): CodeIgniter\CodeIgniter->run()
 6 SYSTEMPATH\Commands\Server\rewrite.php(47): require_once('D:\\OSPanel\\domains\\php\\PHP_13Meet_11.07\\Pr13_11.07\\public\\index.php')
CRITICAL - 2023-07-14 11:44:49 --> Undefined array key 0
in APPPATH\Controllers\Home.php on line 18.
 1 APPPATH\Controllers\Home.php(18): CodeIgniter\Debug\Exceptions->errorHandler()
 2 SYSTEMPATH\CodeIgniter.php(932): App\Controllers\Home->Tours()
 3 SYSTEMPATH\CodeIgniter.php(497): CodeIgniter\CodeIgniter->runController()
 4 SYSTEMPATH\CodeIgniter.php(366): CodeIgniter\CodeIgniter->handleRequest()
 5 FCPATH\index.php(67): CodeIgniter\CodeIgniter->run()
 6 SYSTEMPATH\Commands\Server\rewrite.php(47): require_once('D:\\OSPanel\\domains\\php\\PHP_13Meet_11.07\\Pr13_11.07\\public\\index.php')
CRITICAL - 2023-07-14 11:45:06 --> Undefined array key 0
in APPPATH\Controllers\Home.php on line 18.
 1 APPPATH\Controllers\Home.php(18): CodeIgniter\Debug\Exceptions->errorHandler()
 2 SYSTEMPATH\CodeIgniter.php(932): App\Controllers\Home->Tours()
 3 SYSTEMPATH\CodeIgniter.php(497): CodeIgniter\CodeIgniter->runController()
 4 SYSTEMPATH\CodeIgniter.php(366): CodeIgniter\CodeIgniter->handleRequest()
 5 FCPATH\index.php(67): CodeIgniter\CodeIgniter->run()
 6 SYSTEMPATH\Commands\Server\rewrite.php(47): require_once('D:\\OSPanel\\domains\\php\\PHP_13Meet_11.07\\Pr13_11.07\\public\\index.php')
CRITICAL - 2023-07-14 11:45:07 --> Undefined array key 0
in APPPATH\Controllers\Home.php on line 18.
 1 APPPATH\Controllers\Home.php(18): CodeIgniter\Debug\Exceptions->errorHandler()
 2 SYSTEMPATH\CodeIgniter.php(932): App\Controllers\Home->Tours()
 3 SYSTEMPATH\CodeIgniter.php(497): CodeIgniter\CodeIgniter->runController()
 4 SYSTEMPATH\CodeIgniter.php(366): CodeIgniter\CodeIgniter->handleRequest()
 5 FCPATH\index.php(67): CodeIgniter\CodeIgniter->run()
 6 SYSTEMPATH\Commands\Server\rewrite.php(47): require_once('D:\\OSPanel\\domains\\php\\PHP_13Meet_11.07\\Pr13_11.07\\public\\index.php')
CRITICAL - 2023-07-14 11:45:07 --> Undefined array key 0
in APPPATH\Controllers\Home.php on line 18.
 1 APPPATH\Controllers\Home.php(18): CodeIgniter\Debug\Exceptions->errorHandler()
 2 SYSTEMPATH\CodeIgniter.php(932): App\Controllers\Home->Tours()
 3 SYSTEMPATH\CodeIgniter.php(497): CodeIgniter\CodeIgniter->runController()
 4 SYSTEMPATH\CodeIgniter.php(366): CodeIgniter\CodeIgniter->handleRequest()
 5 FCPATH\index.php(67): CodeIgniter\CodeIgniter->run()
 6 SYSTEMPATH\Commands\Server\rewrite.php(47): require_once('D:\\OSPanel\\domains\\php\\PHP_13Meet_11.07\\Pr13_11.07\\public\\index.php')
CRITICAL - 2023-07-14 11:45:18 --> Undefined array key 0
in APPPATH\Controllers\Home.php on line 18.
 1 APPPATH\Controllers\Home.php(18): CodeIgniter\Debug\Exceptions->errorHandler()
 2 SYSTEMPATH\CodeIgniter.php(932): App\Controllers\Home->Tours()
 3 SYSTEMPATH\CodeIgniter.php(497): CodeIgniter\CodeIgniter->runController()
 4 SYSTEMPATH\CodeIgniter.php(366): CodeIgniter\CodeIgniter->handleRequest()
 5 FCPATH\index.php(67): CodeIgniter\CodeIgniter->run()
 6 SYSTEMPATH\Commands\Server\rewrite.php(47): require_once('D:\\OSPanel\\domains\\php\\PHP_13Meet_11.07\\Pr13_11.07\\public\\index.php')
CRITICAL - 2023-07-14 11:45:19 --> Undefined array key 0
in APPPATH\Controllers\Home.php on line 18.
 1 APPPATH\Controllers\Home.php(18): CodeIgniter\Debug\Exceptions->errorHandler()
 2 SYSTEMPATH\CodeIgniter.php(932): App\Controllers\Home->Tours()
 3 SYSTEMPATH\CodeIgniter.php(497): CodeIgniter\CodeIgniter->runController()
 4 SYSTEMPATH\CodeIgniter.php(366): CodeIgniter\CodeIgniter->handleRequest()
 5 FCPATH\index.php(67): CodeIgniter\CodeIgniter->run()
 6 SYSTEMPATH\Commands\Server\rewrite.php(47): require_once('D:\\OSPanel\\domains\\php\\PHP_13Meet_11.07\\Pr13_11.07\\public\\index.php')
CRITICAL - 2023-07-14 11:45:20 --> Undefined array key 0
in APPPATH\Controllers\Home.php on line 18.
 1 APPPATH\Controllers\Home.php(18): CodeIgniter\Debug\Exceptions->errorHandler()
 2 SYSTEMPATH\CodeIgniter.php(932): App\Controllers\Home->Tours()
 3 SYSTEMPATH\CodeIgniter.php(497): CodeIgniter\CodeIgniter->runController()
 4 SYSTEMPATH\CodeIgniter.php(366): CodeIgniter\CodeIgniter->handleRequest()
 5 FCPATH\index.php(67): CodeIgniter\CodeIgniter->run()
 6 SYSTEMPATH\Commands\Server\rewrite.php(47): require_once('D:\\OSPanel\\domains\\php\\PHP_13Meet_11.07\\Pr13_11.07\\public\\index.php')
CRITICAL - 2023-07-14 11:45:38 --> Array to string conversion
in APPPATH\Views\Tours.php on line 11.
 1 APPPATH\Views\Tours.php(11): CodeIgniter\Debug\Exceptions->errorHandler()
 2 SYSTEMPATH\View\View.php(224): include('D:\\OSPanel\\domains\\php\\PHP_13Meet_11.07\\Pr13_11.07\\app\\Views\\Tours.php')
 3 SYSTEMPATH\View\View.php(227): CodeIgniter\View\View->CodeIgniter\View\{closure}()
 4 SYSTEMPATH\Common.php(1180): CodeIgniter\View\View->render()
 5 APPPATH\Controllers\Home.php(31): view()
 6 SYSTEMPATH\CodeIgniter.php(932): App\Controllers\Home->Tours()
 7 SYSTEMPATH\CodeIgniter.php(497): CodeIgniter\CodeIgniter->runController()
 8 SYSTEMPATH\CodeIgniter.php(366): CodeIgniter\CodeIgniter->handleRequest()
 9 FCPATH\index.php(67): CodeIgniter\CodeIgniter->run()
10 SYSTEMPATH\Commands\Server\rewrite.php(47): require_once('D:\\OSPanel\\domains\\php\\PHP_13Meet_11.07\\Pr13_11.07\\public\\index.php')
CRITICAL - 2023-07-14 11:46:08 --> Undefined array key "image"
in APPPATH\Views\Tours.php on line 11.
 1 APPPATH\Views\Tours.php(11): CodeIgniter\Debug\Exceptions->errorHandler()
 2 SYSTEMPATH\View\View.php(224): include('D:\\OSPanel\\domains\\php\\PHP_13Meet_11.07\\Pr13_11.07\\app\\Views\\Tours.php')
 3 SYSTEMPATH\View\View.php(227): CodeIgniter\View\View->CodeIgniter\View\{closure}()
 4 SYSTEMPATH\Common.php(1180): CodeIgniter\View\View->render()
 5 APPPATH\Controllers\Home.php(31): view()
 6 SYSTEMPATH\CodeIgniter.php(932): App\Controllers\Home->Tours()
 7 SYSTEMPATH\CodeIgniter.php(497): CodeIgniter\CodeIgniter->runController()
 8 SYSTEMPATH\CodeIgniter.php(366): CodeIgniter\CodeIgniter->handleRequest()
 9 FCPATH\index.php(67): CodeIgniter\CodeIgniter->run()
10 SYSTEMPATH\Commands\Server\rewrite.php(47): require_once('D:\\OSPanel\\domains\\php\\PHP_13Meet_11.07\\Pr13_11.07\\public\\index.php')
CRITICAL - 2023-07-14 11:46:16 --> Undefined array key "image"
in APPPATH\Views\Tours.php on line 11.
 1 APPPATH\Views\Tours.php(11): CodeIgniter\Debug\Exceptions->errorHandler()
 2 SYSTEMPATH\View\View.php(224): include('D:\\OSPanel\\domains\\php\\PHP_13Meet_11.07\\Pr13_11.07\\app\\Views\\Tours.php')
 3 SYSTEMPATH\View\View.php(227): CodeIgniter\View\View->CodeIgniter\View\{closure}()
 4 SYSTEMPATH\Common.php(1180): CodeIgniter\View\View->render()
 5 APPPATH\Controllers\Home.php(31): view()
 6 SYSTEMPATH\CodeIgniter.php(932): App\Controllers\Home->Tours()
 7 SYSTEMPATH\CodeIgniter.php(497): CodeIgniter\CodeIgniter->runController()
 8 SYSTEMPATH\CodeIgniter.php(366): CodeIgniter\CodeIgniter->handleRequest()
 9 FCPATH\index.php(67): CodeIgniter\CodeIgniter->run()
10 SYSTEMPATH\Commands\Server\rewrite.php(47): require_once('D:\\OSPanel\\domains\\php\\PHP_13Meet_11.07\\Pr13_11.07\\public\\index.php')
CRITICAL - 2023-07-14 11:46:17 --> Undefined array key "image"
in APPPATH\Views\Tours.php on line 11.
 1 APPPATH\Views\Tours.php(11): CodeIgniter\Debug\Exceptions->errorHandler()
 2 SYSTEMPATH\View\View.php(224): include('D:\\OSPanel\\domains\\php\\PHP_13Meet_11.07\\Pr13_11.07\\app\\Views\\Tours.php')
 3 SYSTEMPATH\View\View.php(227): CodeIgniter\View\View->CodeIgniter\View\{closure}()
 4 SYSTEMPATH\Common.php(1180): CodeIgniter\View\View->render()
 5 APPPATH\Controllers\Home.php(31): view()
 6 SYSTEMPATH\CodeIgniter.php(932): App\Controllers\Home->Tours()
 7 SYSTEMPATH\CodeIgniter.php(497): CodeIgniter\CodeIgniter->runController()
 8 SYSTEMPATH\CodeIgniter.php(366): CodeIgniter\CodeIgniter->handleRequest()
 9 FCPATH\index.php(67): CodeIgniter\CodeIgniter->run()
10 SYSTEMPATH\Commands\Server\rewrite.php(47): require_once('D:\\OSPanel\\domains\\php\\PHP_13Meet_11.07\\Pr13_11.07\\public\\index.php')
CRITICAL - 2023-07-14 11:46:26 --> Undefined array key "image"
in APPPATH\Views\Tours.php on line 11.
 1 APPPATH\Views\Tours.php(11): CodeIgniter\Debug\Exceptions->errorHandler()
 2 SYSTEMPATH\View\View.php(224): include('D:\\OSPanel\\domains\\php\\PHP_13Meet_11.07\\Pr13_11.07\\app\\Views\\Tours.php')
 3 SYSTEMPATH\View\View.php(227): CodeIgniter\View\View->CodeIgniter\View\{closure}()
 4 SYSTEMPATH\Common.php(1180): CodeIgniter\View\View->render()
 5 APPPATH\Controllers\Home.php(31): view()
 6 SYSTEMPATH\CodeIgniter.php(932): App\Controllers\Home->Tours()
 7 SYSTEMPATH\CodeIgniter.php(497): CodeIgniter\CodeIgniter->runController()
 8 SYSTEMPATH\CodeIgniter.php(366): CodeIgniter\CodeIgniter->handleRequest()
 9 FCPATH\index.php(67): CodeIgniter\CodeIgniter->run()
10 SYSTEMPATH\Commands\Server\rewrite.php(47): require_once('D:\\OSPanel\\domains\\php\\PHP_13Meet_11.07\\Pr13_11.07\\public\\index.php')
CRITICAL - 2023-07-14 11:46:27 --> Undefined array key "image"
in APPPATH\Views\Tours.php on line 11.
 1 APPPATH\Views\Tours.php(11): CodeIgniter\Debug\Exceptions->errorHandler()
 2 SYSTEMPATH\View\View.php(224): include('D:\\OSPanel\\domains\\php\\PHP_13Meet_11.07\\Pr13_11.07\\app\\Views\\Tours.php')
 3 SYSTEMPATH\View\View.php(227): CodeIgniter\View\View->CodeIgniter\View\{closure}()
 4 SYSTEMPATH\Common.php(1180): CodeIgniter\View\View->render()
 5 APPPATH\Controllers\Home.php(31): view()
 6 SYSTEMPATH\CodeIgniter.php(932): App\Controllers\Home->Tours()
 7 SYSTEMPATH\CodeIgniter.php(497): CodeIgniter\CodeIgniter->runController()
 8 SYSTEMPATH\CodeIgniter.php(366): CodeIgniter\CodeIgniter->handleRequest()
 9 FCPATH\index.php(67): CodeIgniter\CodeIgniter->run()
10 SYSTEMPATH\Commands\Server\rewrite.php(47): require_once('D:\\OSPanel\\domains\\php\\PHP_13Meet_11.07\\Pr13_11.07\\public\\index.php')
CRITICAL - 2023-07-14 11:46:35 --> Array to string conversion
in APPPATH\Views\Tours.php on line 11.
 1 APPPATH\Views\Tours.php(11): CodeIgniter\Debug\Exceptions->errorHandler()
 2 SYSTEMPATH\View\View.php(224): include('D:\\OSPanel\\domains\\php\\PHP_13Meet_11.07\\Pr13_11.07\\app\\Views\\Tours.php')
 3 SYSTEMPATH\View\View.php(227): CodeIgniter\View\View->CodeIgniter\View\{closure}()
 4 SYSTEMPATH\Common.php(1180): CodeIgniter\View\View->render()
 5 APPPATH\Controllers\Home.php(31): view()
 6 SYSTEMPATH\CodeIgniter.php(932): App\Controllers\Home->Tours()
 7 SYSTEMPATH\CodeIgniter.php(497): CodeIgniter\CodeIgniter->runController()
 8 SYSTEMPATH\CodeIgniter.php(366): CodeIgniter\CodeIgniter->handleRequest()
 9 FCPATH\index.php(67): CodeIgniter\CodeIgniter->run()
10 SYSTEMPATH\Commands\Server\rewrite.php(47): require_once('D:\\OSPanel\\domains\\php\\PHP_13Meet_11.07\\Pr13_11.07\\public\\index.php')
CRITICAL - 2023-07-14 11:46:41 --> Array to string conversion
in APPPATH\Views\Tours.php on line 11.
 1 APPPATH\Views\Tours.php(11): CodeIgniter\Debug\Exceptions->errorHandler()
 2 SYSTEMPATH\View\View.php(224): include('D:\\OSPanel\\domains\\php\\PHP_13Meet_11.07\\Pr13_11.07\\app\\Views\\Tours.php')
 3 SYSTEMPATH\View\View.php(227): CodeIgniter\View\View->CodeIgniter\View\{closure}()
 4 SYSTEMPATH\Common.php(1180): CodeIgniter\View\View->render()
 5 APPPATH\Controllers\Home.php(31): view()
 6 SYSTEMPATH\CodeIgniter.php(932): App\Controllers\Home->Tours()
 7 SYSTEMPATH\CodeIgniter.php(497): CodeIgniter\CodeIgniter->runController()
 8 SYSTEMPATH\CodeIgniter.php(366): CodeIgniter\CodeIgniter->handleRequest()
 9 FCPATH\index.php(67): CodeIgniter\CodeIgniter->run()
10 SYSTEMPATH\Commands\Server\rewrite.php(47): require_once('D:\\OSPanel\\domains\\php\\PHP_13Meet_11.07\\Pr13_11.07\\public\\index.php')
CRITICAL - 2023-07-14 11:46:52 --> Array to string conversion
in APPPATH\Views\Tours.php on line 11.
 1 APPPATH\Views\Tours.php(11): CodeIgniter\Debug\Exceptions->errorHandler()
 2 SYSTEMPATH\View\View.php(224): include('D:\\OSPanel\\domains\\php\\PHP_13Meet_11.07\\Pr13_11.07\\app\\Views\\Tours.php')
 3 SYSTEMPATH\View\View.php(227): CodeIgniter\View\View->CodeIgniter\View\{closure}()
 4 SYSTEMPATH\Common.php(1180): CodeIgniter\View\View->render()
 5 APPPATH\Controllers\Home.php(31): view()
 6 SYSTEMPATH\CodeIgniter.php(932): App\Controllers\Home->Tours()
 7 SYSTEMPATH\CodeIgniter.php(497): CodeIgniter\CodeIgniter->runController()
 8 SYSTEMPATH\CodeIgniter.php(366): CodeIgniter\CodeIgniter->handleRequest()
 9 FCPATH\index.php(67): CodeIgniter\CodeIgniter->run()
10 SYSTEMPATH\Commands\Server\rewrite.php(47): require_once('D:\\OSPanel\\domains\\php\\PHP_13Meet_11.07\\Pr13_11.07\\public\\index.php')
CRITICAL - 2023-07-14 11:46:53 --> Array to string conversion
in APPPATH\Views\Tours.php on line 11.
 1 APPPATH\Views\Tours.php(11): CodeIgniter\Debug\Exceptions->errorHandler()
 2 SYSTEMPATH\View\View.php(224): include('D:\\OSPanel\\domains\\php\\PHP_13Meet_11.07\\Pr13_11.07\\app\\Views\\Tours.php')
 3 SYSTEMPATH\View\View.php(227): CodeIgniter\View\View->CodeIgniter\View\{closure}()
 4 SYSTEMPATH\Common.php(1180): CodeIgniter\View\View->render()
 5 APPPATH\Controllers\Home.php(31): view()
 6 SYSTEMPATH\CodeIgniter.php(932): App\Controllers\Home->Tours()
 7 SYSTEMPATH\CodeIgniter.php(497): CodeIgniter\CodeIgniter->runController()
 8 SYSTEMPATH\CodeIgniter.php(366): CodeIgniter\CodeIgniter->handleRequest()
 9 FCPATH\index.php(67): CodeIgniter\CodeIgniter->run()
10 SYSTEMPATH\Commands\Server\rewrite.php(47): require_once('D:\\OSPanel\\domains\\php\\PHP_13Meet_11.07\\Pr13_11.07\\public\\index.php')
CRITICAL - 2023-07-14 11:46:57 --> Array to string conversion
in APPPATH\Views\Tours.php on line 11.
 1 APPPATH\Views\Tours.php(11): CodeIgniter\Debug\Exceptions->errorHandler()
 2 SYSTEMPATH\View\View.php(224): include('D:\\OSPanel\\domains\\php\\PHP_13Meet_11.07\\Pr13_11.07\\app\\Views\\Tours.php')
 3 SYSTEMPATH\View\View.php(227): CodeIgniter\View\View->CodeIgniter\View\{closure}()
 4 SYSTEMPATH\Common.php(1180): CodeIgniter\View\View->render()
 5 APPPATH\Controllers\Home.php(31): view()
 6 SYSTEMPATH\CodeIgniter.php(932): App\Controllers\Home->Tours()
 7 SYSTEMPATH\CodeIgniter.php(497): CodeIgniter\CodeIgniter->runController()
 8 SYSTEMPATH\CodeIgniter.php(366): CodeIgniter\CodeIgniter->handleRequest()
 9 FCPATH\index.php(67): CodeIgniter\CodeIgniter->run()
10 SYSTEMPATH\Commands\Server\rewrite.php(47): require_once('D:\\OSPanel\\domains\\php\\PHP_13Meet_11.07\\Pr13_11.07\\public\\index.php')
CRITICAL - 2023-07-14 11:46:59 --> Array to string conversion
in APPPATH\Views\Tours.php on line 11.
 1 APPPATH\Views\Tours.php(11): CodeIgniter\Debug\Exceptions->errorHandler()
 2 SYSTEMPATH\View\View.php(224): include('D:\\OSPanel\\domains\\php\\PHP_13Meet_11.07\\Pr13_11.07\\app\\Views\\Tours.php')
 3 SYSTEMPATH\View\View.php(227): CodeIgniter\View\View->CodeIgniter\View\{closure}()
 4 SYSTEMPATH\Common.php(1180): CodeIgniter\View\View->render()
 5 APPPATH\Controllers\Home.php(31): view()
 6 SYSTEMPATH\CodeIgniter.php(932): App\Controllers\Home->Tours()
 7 SYSTEMPATH\CodeIgniter.php(497): CodeIgniter\CodeIgniter->runController()
 8 SYSTEMPATH\CodeIgniter.php(366): CodeIgniter\CodeIgniter->handleRequest()
 9 FCPATH\index.php(67): CodeIgniter\CodeIgniter->run()
10 SYSTEMPATH\Commands\Server\rewrite.php(47): require_once('D:\\OSPanel\\domains\\php\\PHP_13Meet_11.07\\Pr13_11.07\\public\\index.php')
CRITICAL - 2023-07-14 11:47:25 --> Undefined array key "image"
in APPPATH\Views\Tours.php on line 11.
 1 APPPATH\Views\Tours.php(11): CodeIgniter\Debug\Exceptions->errorHandler()
 2 SYSTEMPATH\View\View.php(224): include('D:\\OSPanel\\domains\\php\\PHP_13Meet_11.07\\Pr13_11.07\\app\\Views\\Tours.php')
 3 SYSTEMPATH\View\View.php(227): CodeIgniter\View\View->CodeIgniter\View\{closure}()
 4 SYSTEMPATH\Common.php(1180): CodeIgniter\View\View->render()
 5 APPPATH\Controllers\Home.php(31): view()
 6 SYSTEMPATH\CodeIgniter.php(932): App\Controllers\Home->Tours()
 7 SYSTEMPATH\CodeIgniter.php(497): CodeIgniter\CodeIgniter->runController()
 8 SYSTEMPATH\CodeIgniter.php(366): CodeIgniter\CodeIgniter->handleRequest()
 9 FCPATH\index.php(67): CodeIgniter\CodeIgniter->run()
10 SYSTEMPATH\Commands\Server\rewrite.php(47): require_once('D:\\OSPanel\\domains\\php\\PHP_13Meet_11.07\\Pr13_11.07\\public\\index.php')
CRITICAL - 2023-07-14 11:48:04 --> Undefined variable $row
in APPPATH\Views\Tours.php on line 13.
 1 APPPATH\Views\Tours.php(13): CodeIgniter\Debug\Exceptions->errorHandler()
 2 SYSTEMPATH\View\View.php(224): include('D:\\OSPanel\\domains\\php\\PHP_13Meet_11.07\\Pr13_11.07\\app\\Views\\Tours.php')
 3 SYSTEMPATH\View\View.php(227): CodeIgniter\View\View->CodeIgniter\View\{closure}()
 4 SYSTEMPATH\Common.php(1180): CodeIgniter\View\View->render()
 5 APPPATH\Controllers\Home.php(29): view()
 6 SYSTEMPATH\CodeIgniter.php(932): App\Controllers\Home->Tours()
 7 SYSTEMPATH\CodeIgniter.php(497): CodeIgniter\CodeIgniter->runController()
 8 SYSTEMPATH\CodeIgniter.php(366): CodeIgniter\CodeIgniter->handleRequest()
 9 FCPATH\index.php(67): CodeIgniter\CodeIgniter->run()
10 SYSTEMPATH\Commands\Server\rewrite.php(47): require_once('D:\\OSPanel\\domains\\php\\PHP_13Meet_11.07\\Pr13_11.07\\public\\index.php')
CRITICAL - 2023-07-14 11:48:22 --> Undefined variable $row
in APPPATH\Views\Tours.php on line 13.
 1 APPPATH\Views\Tours.php(13): CodeIgniter\Debug\Exceptions->errorHandler()
 2 SYSTEMPATH\View\View.php(224): include('D:\\OSPanel\\domains\\php\\PHP_13Meet_11.07\\Pr13_11.07\\app\\Views\\Tours.php')
 3 SYSTEMPATH\View\View.php(227): CodeIgniter\View\View->CodeIgniter\View\{closure}()
 4 SYSTEMPATH\Common.php(1180): CodeIgniter\View\View->render()
 5 APPPATH\Controllers\Home.php(29): view()
 6 SYSTEMPATH\CodeIgniter.php(932): App\Controllers\Home->Tours()
 7 SYSTEMPATH\CodeIgniter.php(497): CodeIgniter\CodeIgniter->runController()
 8 SYSTEMPATH\CodeIgniter.php(366): CodeIgniter\CodeIgniter->handleRequest()
 9 FCPATH\index.php(67): CodeIgniter\CodeIgniter->run()
10 SYSTEMPATH\Commands\Server\rewrite.php(47): require_once('D:\\OSPanel\\domains\\php\\PHP_13Meet_11.07\\Pr13_11.07\\public\\index.php')
CRITICAL - 2023-07-14 11:49:51 --> Undefined variable $row
in APPPATH\Views\Tours.php on line 13.
 1 APPPATH\Views\Tours.php(13): CodeIgniter\Debug\Exceptions->errorHandler()
 2 SYSTEMPATH\View\View.php(224): include('D:\\OSPanel\\domains\\php\\PHP_13Meet_11.07\\Pr13_11.07\\app\\Views\\Tours.php')
 3 SYSTEMPATH\View\View.php(227): CodeIgniter\View\View->CodeIgniter\View\{closure}()
 4 SYSTEMPATH\Common.php(1180): CodeIgniter\View\View->render()
 5 APPPATH\Controllers\Home.php(29): view()
 6 SYSTEMPATH\CodeIgniter.php(932): App\Controllers\Home->Tours()
 7 SYSTEMPATH\CodeIgniter.php(497): CodeIgniter\CodeIgniter->runController()
 8 SYSTEMPATH\CodeIgniter.php(366): CodeIgniter\CodeIgniter->handleRequest()
 9 FCPATH\index.php(67): CodeIgniter\CodeIgniter->run()
10 SYSTEMPATH\Commands\Server\rewrite.php(47): require_once('D:\\OSPanel\\domains\\php\\PHP_13Meet_11.07\\Pr13_11.07\\public\\index.php')
CRITICAL - 2023-07-14 11:50:57 --> Undefined variable $row
in APPPATH\Views\Tours.php on line 13.
 1 APPPATH\Views\Tours.php(13): CodeIgniter\Debug\Exceptions->errorHandler()
 2 SYSTEMPATH\View\View.php(224): include('D:\\OSPanel\\domains\\php\\PHP_13Meet_11.07\\Pr13_11.07\\app\\Views\\Tours.php')
 3 SYSTEMPATH\View\View.php(227): CodeIgniter\View\View->CodeIgniter\View\{closure}()
 4 SYSTEMPATH\Common.php(1180): CodeIgniter\View\View->render()
 5 APPPATH\Controllers\Home.php(30): view()
 6 SYSTEMPATH\CodeIgniter.php(932): App\Controllers\Home->Tours()
 7 SYSTEMPATH\CodeIgniter.php(497): CodeIgniter\CodeIgniter->runController()
 8 SYSTEMPATH\CodeIgniter.php(366): CodeIgniter\CodeIgniter->handleRequest()
 9 FCPATH\index.php(67): CodeIgniter\CodeIgniter->run()
10 SYSTEMPATH\Commands\Server\rewrite.php(47): require_once('D:\\OSPanel\\domains\\php\\PHP_13Meet_11.07\\Pr13_11.07\\public\\index.php')
CRITICAL - 2023-07-14 11:50:58 --> Undefined variable $row
in APPPATH\Views\Tours.php on line 13.
 1 APPPATH\Views\Tours.php(13): CodeIgniter\Debug\Exceptions->errorHandler()
 2 SYSTEMPATH\View\View.php(224): include('D:\\OSPanel\\domains\\php\\PHP_13Meet_11.07\\Pr13_11.07\\app\\Views\\Tours.php')
 3 SYSTEMPATH\View\View.php(227): CodeIgniter\View\View->CodeIgniter\View\{closure}()
 4 SYSTEMPATH\Common.php(1180): CodeIgniter\View\View->render()
 5 APPPATH\Controllers\Home.php(30): view()
 6 SYSTEMPATH\CodeIgniter.php(932): App\Controllers\Home->Tours()
 7 SYSTEMPATH\CodeIgniter.php(497): CodeIgniter\CodeIgniter->runController()
 8 SYSTEMPATH\CodeIgniter.php(366): CodeIgniter\CodeIgniter->handleRequest()
 9 FCPATH\index.php(67): CodeIgniter\CodeIgniter->run()
10 SYSTEMPATH\Commands\Server\rewrite.php(47): require_once('D:\\OSPanel\\domains\\php\\PHP_13Meet_11.07\\Pr13_11.07\\public\\index.php')
CRITICAL - 2023-07-14 11:50:59 --> Undefined variable $row
in APPPATH\Views\Tours.php on line 13.
 1 APPPATH\Views\Tours.php(13): CodeIgniter\Debug\Exceptions->errorHandler()
 2 SYSTEMPATH\View\View.php(224): include('D:\\OSPanel\\domains\\php\\PHP_13Meet_11.07\\Pr13_11.07\\app\\Views\\Tours.php')
 3 SYSTEMPATH\View\View.php(227): CodeIgniter\View\View->CodeIgniter\View\{closure}()
 4 SYSTEMPATH\Common.php(1180): CodeIgniter\View\View->render()
 5 APPPATH\Controllers\Home.php(30): view()
 6 SYSTEMPATH\CodeIgniter.php(932): App\Controllers\Home->Tours()
 7 SYSTEMPATH\CodeIgniter.php(497): CodeIgniter\CodeIgniter->runController()
 8 SYSTEMPATH\CodeIgniter.php(366): CodeIgniter\CodeIgniter->handleRequest()
 9 FCPATH\index.php(67): CodeIgniter\CodeIgniter->run()
10 SYSTEMPATH\Commands\Server\rewrite.php(47): require_once('D:\\OSPanel\\domains\\php\\PHP_13Meet_11.07\\Pr13_11.07\\public\\index.php')
CRITICAL - 2023-07-14 11:50:59 --> Undefined variable $row
in APPPATH\Views\Tours.php on line 13.
 1 APPPATH\Views\Tours.php(13): CodeIgniter\Debug\Exceptions->errorHandler()
 2 SYSTEMPATH\View\View.php(224): include('D:\\OSPanel\\domains\\php\\PHP_13Meet_11.07\\Pr13_11.07\\app\\Views\\Tours.php')
 3 SYSTEMPATH\View\View.php(227): CodeIgniter\View\View->CodeIgniter\View\{closure}()
 4 SYSTEMPATH\Common.php(1180): CodeIgniter\View\View->render()
 5 APPPATH\Controllers\Home.php(30): view()
 6 SYSTEMPATH\CodeIgniter.php(932): App\Controllers\Home->Tours()
 7 SYSTEMPATH\CodeIgniter.php(497): CodeIgniter\CodeIgniter->runController()
 8 SYSTEMPATH\CodeIgniter.php(366): CodeIgniter\CodeIgniter->handleRequest()
 9 FCPATH\index.php(67): CodeIgniter\CodeIgniter->run()
10 SYSTEMPATH\Commands\Server\rewrite.php(47): require_once('D:\\OSPanel\\domains\\php\\PHP_13Meet_11.07\\Pr13_11.07\\public\\index.php')
CRITICAL - 2023-07-14 11:51:00 --> Undefined variable $row
in APPPATH\Views\Tours.php on line 13.
 1 APPPATH\Views\Tours.php(13): CodeIgniter\Debug\Exceptions->errorHandler()
 2 SYSTEMPATH\View\View.php(224): include('D:\\OSPanel\\domains\\php\\PHP_13Meet_11.07\\Pr13_11.07\\app\\Views\\Tours.php')
 3 SYSTEMPATH\View\View.php(227): CodeIgniter\View\View->CodeIgniter\View\{closure}()
 4 SYSTEMPATH\Common.php(1180): CodeIgniter\View\View->render()
 5 APPPATH\Controllers\Home.php(30): view()
 6 SYSTEMPATH\CodeIgniter.php(932): App\Controllers\Home->Tours()
 7 SYSTEMPATH\CodeIgniter.php(497): CodeIgniter\CodeIgniter->runController()
 8 SYSTEMPATH\CodeIgniter.php(366): CodeIgniter\CodeIgniter->handleRequest()
 9 FCPATH\index.php(67): CodeIgniter\CodeIgniter->run()
10 SYSTEMPATH\Commands\Server\rewrite.php(47): require_once('D:\\OSPanel\\domains\\php\\PHP_13Meet_11.07\\Pr13_11.07\\public\\index.php')
CRITICAL - 2023-07-14 11:54:47 --> Undefined variable $row
in APPPATH\Views\Tours.php on line 13.
 1 APPPATH\Views\Tours.php(13): CodeIgniter\Debug\Exceptions->errorHandler()
 2 SYSTEMPATH\View\View.php(224): include('D:\\OSPanel\\domains\\php\\PHP_13Meet_11.07\\Pr13_11.07\\app\\Views\\Tours.php')
 3 SYSTEMPATH\View\View.php(227): CodeIgniter\View\View->CodeIgniter\View\{closure}()
 4 SYSTEMPATH\Common.php(1180): CodeIgniter\View\View->render()
 5 APPPATH\Controllers\Home.php(32): view()
 6 SYSTEMPATH\CodeIgniter.php(932): App\Controllers\Home->Tours()
 7 SYSTEMPATH\CodeIgniter.php(497): CodeIgniter\CodeIgniter->runController()
 8 SYSTEMPATH\CodeIgniter.php(366): CodeIgniter\CodeIgniter->handleRequest()
 9 FCPATH\index.php(67): CodeIgniter\CodeIgniter->run()
10 SYSTEMPATH\Commands\Server\rewrite.php(47): require_once('D:\\OSPanel\\domains\\php\\PHP_13Meet_11.07\\Pr13_11.07\\public\\index.php')
CRITICAL - 2023-07-14 11:55:27 --> Undefined variable $row
in APPPATH\Views\Tours.php on line 13.
 1 APPPATH\Views\Tours.php(13): CodeIgniter\Debug\Exceptions->errorHandler()
 2 SYSTEMPATH\View\View.php(224): include('D:\\OSPanel\\domains\\php\\PHP_13Meet_11.07\\Pr13_11.07\\app\\Views\\Tours.php')
 3 SYSTEMPATH\View\View.php(227): CodeIgniter\View\View->CodeIgniter\View\{closure}()
 4 SYSTEMPATH\Common.php(1180): CodeIgniter\View\View->render()
 5 APPPATH\Controllers\Home.php(33): view()
 6 SYSTEMPATH\CodeIgniter.php(932): App\Controllers\Home->Tours()
 7 SYSTEMPATH\CodeIgniter.php(497): CodeIgniter\CodeIgniter->runController()
 8 SYSTEMPATH\CodeIgniter.php(366): CodeIgniter\CodeIgniter->handleRequest()
 9 FCPATH\index.php(67): CodeIgniter\CodeIgniter->run()
10 SYSTEMPATH\Commands\Server\rewrite.php(47): require_once('D:\\OSPanel\\domains\\php\\PHP_13Meet_11.07\\Pr13_11.07\\public\\index.php')
CRITICAL - 2023-07-14 11:55:29 --> Undefined variable $row
in APPPATH\Views\Tours.php on line 13.
 1 APPPATH\Views\Tours.php(13): CodeIgniter\Debug\Exceptions->errorHandler()
 2 SYSTEMPATH\View\View.php(224): include('D:\\OSPanel\\domains\\php\\PHP_13Meet_11.07\\Pr13_11.07\\app\\Views\\Tours.php')
 3 SYSTEMPATH\View\View.php(227): CodeIgniter\View\View->CodeIgniter\View\{closure}()
 4 SYSTEMPATH\Common.php(1180): CodeIgniter\View\View->render()
 5 APPPATH\Controllers\Home.php(33): view()
 6 SYSTEMPATH\CodeIgniter.php(932): App\Controllers\Home->Tours()
 7 SYSTEMPATH\CodeIgniter.php(497): CodeIgniter\CodeIgniter->runController()
 8 SYSTEMPATH\CodeIgniter.php(366): CodeIgniter\CodeIgniter->handleRequest()
 9 FCPATH\index.php(67): CodeIgniter\CodeIgniter->run()
10 SYSTEMPATH\Commands\Server\rewrite.php(47): require_once('D:\\OSPanel\\domains\\php\\PHP_13Meet_11.07\\Pr13_11.07\\public\\index.php')
CRITICAL - 2023-07-14 11:55:44 --> Undefined variable $row
in APPPATH\Views\Tours.php on line 13.
 1 APPPATH\Views\Tours.php(13): CodeIgniter\Debug\Exceptions->errorHandler()
 2 SYSTEMPATH\View\View.php(224): include('D:\\OSPanel\\domains\\php\\PHP_13Meet_11.07\\Pr13_11.07\\app\\Views\\Tours.php')
 3 SYSTEMPATH\View\View.php(227): CodeIgniter\View\View->CodeIgniter\View\{closure}()
 4 SYSTEMPATH\Common.php(1180): CodeIgniter\View\View->render()
 5 APPPATH\Controllers\Home.php(33): view()
 6 SYSTEMPATH\CodeIgniter.php(932): App\Controllers\Home->Tours()
 7 SYSTEMPATH\CodeIgniter.php(497): CodeIgniter\CodeIgniter->runController()
 8 SYSTEMPATH\CodeIgniter.php(366): CodeIgniter\CodeIgniter->handleRequest()
 9 FCPATH\index.php(67): CodeIgniter\CodeIgniter->run()
10 SYSTEMPATH\Commands\Server\rewrite.php(47): require_once('D:\\OSPanel\\domains\\php\\PHP_13Meet_11.07\\Pr13_11.07\\public\\index.php')
CRITICAL - 2023-07-14 11:56:38 --> Undefined variable $row
in APPPATH\Views\Tours.php on line 13.
 1 APPPATH\Views\Tours.php(13): CodeIgniter\Debug\Exceptions->errorHandler()
 2 SYSTEMPATH\View\View.php(224): include('D:\\OSPanel\\domains\\php\\PHP_13Meet_11.07\\Pr13_11.07\\app\\Views\\Tours.php')
 3 SYSTEMPATH\View\View.php(227): CodeIgniter\View\View->CodeIgniter\View\{closure}()
 4 SYSTEMPATH\Common.php(1180): CodeIgniter\View\View->render()
 5 APPPATH\Controllers\Home.php(33): view()
 6 SYSTEMPATH\CodeIgniter.php(932): App\Controllers\Home->Tours()
 7 SYSTEMPATH\CodeIgniter.php(497): CodeIgniter\CodeIgniter->runController()
 8 SYSTEMPATH\CodeIgniter.php(366): CodeIgniter\CodeIgniter->handleRequest()
 9 FCPATH\index.php(67): CodeIgniter\CodeIgniter->run()
10 SYSTEMPATH\Commands\Server\rewrite.php(47): require_once('D:\\OSPanel\\domains\\php\\PHP_13Meet_11.07\\Pr13_11.07\\public\\index.php')
CRITICAL - 2023-07-14 11:57:55 --> fclose(): Argument #1 ($stream) must be of type resource, string given
in APPPATH\Controllers\Home.php on line 25.
 1 APPPATH\Controllers\Home.php(25): fclose()
 2 SYSTEMPATH\CodeIgniter.php(932): App\Controllers\Home->Tours()
 3 SYSTEMPATH\CodeIgniter.php(497): CodeIgniter\CodeIgniter->runController()
 4 SYSTEMPATH\CodeIgniter.php(366): CodeIgniter\CodeIgniter->handleRequest()
 5 FCPATH\index.php(67): CodeIgniter\CodeIgniter->run()
 6 SYSTEMPATH\Commands\Server\rewrite.php(47): require_once('D:\\OSPanel\\domains\\php\\PHP_13Meet_11.07\\Pr13_11.07\\public\\index.php')
CRITICAL - 2023-07-14 11:58:39 --> Undefined variable $row
in APPPATH\Views\Tours.php on line 13.
 1 APPPATH\Views\Tours.php(13): CodeIgniter\Debug\Exceptions->errorHandler()
 2 SYSTEMPATH\View\View.php(224): include('D:\\OSPanel\\domains\\php\\PHP_13Meet_11.07\\Pr13_11.07\\app\\Views\\Tours.php')
 3 SYSTEMPATH\View\View.php(227): CodeIgniter\View\View->CodeIgniter\View\{closure}()
 4 SYSTEMPATH\Common.php(1180): CodeIgniter\View\View->render()
 5 APPPATH\Controllers\Home.php(34): view()
 6 SYSTEMPATH\CodeIgniter.php(932): App\Controllers\Home->Tours()
 7 SYSTEMPATH\CodeIgniter.php(497): CodeIgniter\CodeIgniter->runController()
 8 SYSTEMPATH\CodeIgniter.php(366): CodeIgniter\CodeIgniter->handleRequest()
 9 FCPATH\index.php(67): CodeIgniter\CodeIgniter->run()
10 SYSTEMPATH\Commands\Server\rewrite.php(47): require_once('D:\\OSPanel\\domains\\php\\PHP_13Meet_11.07\\Pr13_11.07\\public\\index.php')
CRITICAL - 2023-07-14 11:59:40 --> Undefined variable $row
in APPPATH\Views\Tours.php on line 13.
 1 APPPATH\Views\Tours.php(13): CodeIgniter\Debug\Exceptions->errorHandler()
 2 SYSTEMPATH\View\View.php(224): include('D:\\OSPanel\\domains\\php\\PHP_13Meet_11.07\\Pr13_11.07\\app\\Views\\Tours.php')
 3 SYSTEMPATH\View\View.php(227): CodeIgniter\View\View->CodeIgniter\View\{closure}()
 4 SYSTEMPATH\Common.php(1180): CodeIgniter\View\View->render()
 5 APPPATH\Controllers\Home.php(34): view()
 6 SYSTEMPATH\CodeIgniter.php(932): App\Controllers\Home->Tours()
 7 SYSTEMPATH\CodeIgniter.php(497): CodeIgniter\CodeIgniter->runController()
 8 SYSTEMPATH\CodeIgniter.php(366): CodeIgniter\CodeIgniter->handleRequest()
 9 FCPATH\index.php(67): CodeIgniter\CodeIgniter->run()
10 SYSTEMPATH\Commands\Server\rewrite.php(47): require_once('D:\\OSPanel\\domains\\php\\PHP_13Meet_11.07\\Pr13_11.07\\public\\index.php')
CRITICAL - 2023-07-14 12:00:09 --> Undefined variable $row
in APPPATH\Views\Tours.php on line 13.
 1 APPPATH\Views\Tours.php(13): CodeIgniter\Debug\Exceptions->errorHandler()
 2 SYSTEMPATH\View\View.php(224): include('D:\\OSPanel\\domains\\php\\PHP_13Meet_11.07\\Pr13_11.07\\app\\Views\\Tours.php')
 3 SYSTEMPATH\View\View.php(227): CodeIgniter\View\View->CodeIgniter\View\{closure}()
 4 SYSTEMPATH\Common.php(1180): CodeIgniter\View\View->render()
 5 APPPATH\Controllers\Home.php(34): view()
 6 SYSTEMPATH\CodeIgniter.php(932): App\Controllers\Home->Tours()
 7 SYSTEMPATH\CodeIgniter.php(497): CodeIgniter\CodeIgniter->runController()
 8 SYSTEMPATH\CodeIgniter.php(366): CodeIgniter\CodeIgniter->handleRequest()
 9 FCPATH\index.php(67): CodeIgniter\CodeIgniter->run()
10 SYSTEMPATH\Commands\Server\rewrite.php(47): require_once('D:\\OSPanel\\domains\\php\\PHP_13Meet_11.07\\Pr13_11.07\\public\\index.php')
CRITICAL - 2023-07-14 12:00:46 --> Undefined variable $row
in APPPATH\Views\Tours.php on line 13.
 1 APPPATH\Views\Tours.php(13): CodeIgniter\Debug\Exceptions->errorHandler()
 2 SYSTEMPATH\View\View.php(224): include('D:\\OSPanel\\domains\\php\\PHP_13Meet_11.07\\Pr13_11.07\\app\\Views\\Tours.php')
 3 SYSTEMPATH\View\View.php(227): CodeIgniter\View\View->CodeIgniter\View\{closure}()
 4 SYSTEMPATH\Common.php(1180): CodeIgniter\View\View->render()
 5 APPPATH\Controllers\Home.php(34): view()
 6 SYSTEMPATH\CodeIgniter.php(932): App\Controllers\Home->Tours()
 7 SYSTEMPATH\CodeIgniter.php(497): CodeIgniter\CodeIgniter->runController()
 8 SYSTEMPATH\CodeIgniter.php(366): CodeIgniter\CodeIgniter->handleRequest()
 9 FCPATH\index.php(67): CodeIgniter\CodeIgniter->run()
10 SYSTEMPATH\Commands\Server\rewrite.php(47): require_once('D:\\OSPanel\\domains\\php\\PHP_13Meet_11.07\\Pr13_11.07\\public\\index.php')
CRITICAL - 2023-07-14 12:02:54 --> Undefined variable $row
in APPPATH\Views\Tours.php on line 13.
 1 APPPATH\Views\Tours.php(13): CodeIgniter\Debug\Exceptions->errorHandler()
 2 SYSTEMPATH\View\View.php(224): include('D:\\OSPanel\\domains\\php\\PHP_13Meet_11.07\\Pr13_11.07\\app\\Views\\Tours.php')
 3 SYSTEMPATH\View\View.php(227): CodeIgniter\View\View->CodeIgniter\View\{closure}()
 4 SYSTEMPATH\Common.php(1180): CodeIgniter\View\View->render()
 5 APPPATH\Controllers\Home.php(35): view()
 6 SYSTEMPATH\CodeIgniter.php(932): App\Controllers\Home->Tours()
 7 SYSTEMPATH\CodeIgniter.php(497): CodeIgniter\CodeIgniter->runController()
 8 SYSTEMPATH\CodeIgniter.php(366): CodeIgniter\CodeIgniter->handleRequest()
 9 FCPATH\index.php(67): CodeIgniter\CodeIgniter->run()
10 SYSTEMPATH\Commands\Server\rewrite.php(47): require_once('D:\\OSPanel\\domains\\php\\PHP_13Meet_11.07\\Pr13_11.07\\public\\index.php')
CRITICAL - 2023-07-14 12:03:37 --> Undefined variable $row
in APPPATH\Views\Tours.php on line 13.
 1 APPPATH\Views\Tours.php(13): CodeIgniter\Debug\Exceptions->errorHandler()
 2 SYSTEMPATH\View\View.php(224): include('D:\\OSPanel\\domains\\php\\PHP_13Meet_11.07\\Pr13_11.07\\app\\Views\\Tours.php')
 3 SYSTEMPATH\View\View.php(227): CodeIgniter\View\View->CodeIgniter\View\{closure}()
 4 SYSTEMPATH\Common.php(1180): CodeIgniter\View\View->render()
 5 APPPATH\Controllers\Home.php(35): view()
 6 SYSTEMPATH\CodeIgniter.php(932): App\Controllers\Home->Tours()
 7 SYSTEMPATH\CodeIgniter.php(497): CodeIgniter\CodeIgniter->runController()
 8 SYSTEMPATH\CodeIgniter.php(366): CodeIgniter\CodeIgniter->handleRequest()
 9 FCPATH\index.php(67): CodeIgniter\CodeIgniter->run()
10 SYSTEMPATH\Commands\Server\rewrite.php(47): require_once('D:\\OSPanel\\domains\\php\\PHP_13Meet_11.07\\Pr13_11.07\\public\\index.php')
CRITICAL - 2023-07-14 12:03:38 --> Undefined variable $row
in APPPATH\Views\Tours.php on line 13.
 1 APPPATH\Views\Tours.php(13): CodeIgniter\Debug\Exceptions->errorHandler()
 2 SYSTEMPATH\View\View.php(224): include('D:\\OSPanel\\domains\\php\\PHP_13Meet_11.07\\Pr13_11.07\\app\\Views\\Tours.php')
 3 SYSTEMPATH\View\View.php(227): CodeIgniter\View\View->CodeIgniter\View\{closure}()
 4 SYSTEMPATH\Common.php(1180): CodeIgniter\View\View->render()
 5 APPPATH\Controllers\Home.php(35): view()
 6 SYSTEMPATH\CodeIgniter.php(932): App\Controllers\Home->Tours()
 7 SYSTEMPATH\CodeIgniter.php(497): CodeIgniter\CodeIgniter->runController()
 8 SYSTEMPATH\CodeIgniter.php(366): CodeIgniter\CodeIgniter->handleRequest()
 9 FCPATH\index.php(67): CodeIgniter\CodeIgniter->run()
10 SYSTEMPATH\Commands\Server\rewrite.php(47): require_once('D:\\OSPanel\\domains\\php\\PHP_13Meet_11.07\\Pr13_11.07\\public\\index.php')
CRITICAL - 2023-07-14 12:04:50 --> Undefined variable $row
in APPPATH\Views\Tours.php on line 13.
 1 APPPATH\Views\Tours.php(13): CodeIgniter\Debug\Exceptions->errorHandler()
 2 SYSTEMPATH\View\View.php(224): include('D:\\OSPanel\\domains\\php\\PHP_13Meet_11.07\\Pr13_11.07\\app\\Views\\Tours.php')
 3 SYSTEMPATH\View\View.php(227): CodeIgniter\View\View->CodeIgniter\View\{closure}()
 4 SYSTEMPATH\Common.php(1180): CodeIgniter\View\View->render()
 5 APPPATH\Controllers\Home.php(35): view()
 6 SYSTEMPATH\CodeIgniter.php(932): App\Controllers\Home->Tours()
 7 SYSTEMPATH\CodeIgniter.php(497): CodeIgniter\CodeIgniter->runController()
 8 SYSTEMPATH\CodeIgniter.php(366): CodeIgniter\CodeIgniter->handleRequest()
 9 FCPATH\index.php(67): CodeIgniter\CodeIgniter->run()
10 SYSTEMPATH\Commands\Server\rewrite.php(47): require_once('D:\\OSPanel\\domains\\php\\PHP_13Meet_11.07\\Pr13_11.07\\public\\index.php')
CRITICAL - 2023-07-14 12:06:36 --> Undefined variable $row
in APPPATH\Views\Tours.php on line 13.
 1 APPPATH\Views\Tours.php(13): CodeIgniter\Debug\Exceptions->errorHandler()
 2 SYSTEMPATH\View\View.php(224): include('D:\\OSPanel\\domains\\php\\PHP_13Meet_11.07\\Pr13_11.07\\app\\Views\\Tours.php')
 3 SYSTEMPATH\View\View.php(227): CodeIgniter\View\View->CodeIgniter\View\{closure}()
 4 SYSTEMPATH\Common.php(1180): CodeIgniter\View\View->render()
 5 APPPATH\Controllers\Home.php(35): view()
 6 SYSTEMPATH\CodeIgniter.php(932): App\Controllers\Home->Tours()
 7 SYSTEMPATH\CodeIgniter.php(497): CodeIgniter\CodeIgniter->runController()
 8 SYSTEMPATH\CodeIgniter.php(366): CodeIgniter\CodeIgniter->handleRequest()
 9 FCPATH\index.php(67): CodeIgniter\CodeIgniter->run()
10 SYSTEMPATH\Commands\Server\rewrite.php(47): require_once('D:\\OSPanel\\domains\\php\\PHP_13Meet_11.07\\Pr13_11.07\\public\\index.php')
CRITICAL - 2023-07-14 12:07:00 --> Undefined variable $row
in APPPATH\Views\Tours.php on line 13.
 1 APPPATH\Views\Tours.php(13): CodeIgniter\Debug\Exceptions->errorHandler()
 2 SYSTEMPATH\View\View.php(224): include('D:\\OSPanel\\domains\\php\\PHP_13Meet_11.07\\Pr13_11.07\\app\\Views\\Tours.php')
 3 SYSTEMPATH\View\View.php(227): CodeIgniter\View\View->CodeIgniter\View\{closure}()
 4 SYSTEMPATH\Common.php(1180): CodeIgniter\View\View->render()
 5 APPPATH\Controllers\Home.php(35): view()
 6 SYSTEMPATH\CodeIgniter.php(932): App\Controllers\Home->Tours()
 7 SYSTEMPATH\CodeIgniter.php(497): CodeIgniter\CodeIgniter->runController()
 8 SYSTEMPATH\CodeIgniter.php(366): CodeIgniter\CodeIgniter->handleRequest()
 9 FCPATH\index.php(67): CodeIgniter\CodeIgniter->run()
10 SYSTEMPATH\Commands\Server\rewrite.php(47): require_once('D:\\OSPanel\\domains\\php\\PHP_13Meet_11.07\\Pr13_11.07\\public\\index.php')
CRITICAL - 2023-07-14 12:07:10 --> Undefined variable $row
in APPPATH\Views\Tours.php on line 13.
 1 APPPATH\Views\Tours.php(13): CodeIgniter\Debug\Exceptions->errorHandler()
 2 SYSTEMPATH\View\View.php(224): include('D:\\OSPanel\\domains\\php\\PHP_13Meet_11.07\\Pr13_11.07\\app\\Views\\Tours.php')
 3 SYSTEMPATH\View\View.php(227): CodeIgniter\View\View->CodeIgniter\View\{closure}()
 4 SYSTEMPATH\Common.php(1180): CodeIgniter\View\View->render()
 5 APPPATH\Controllers\Home.php(35): view()
 6 SYSTEMPATH\CodeIgniter.php(932): App\Controllers\Home->Tours()
 7 SYSTEMPATH\CodeIgniter.php(497): CodeIgniter\CodeIgniter->runController()
 8 SYSTEMPATH\CodeIgniter.php(366): CodeIgniter\CodeIgniter->handleRequest()
 9 FCPATH\index.php(67): CodeIgniter\CodeIgniter->run()
10 SYSTEMPATH\Commands\Server\rewrite.php(47): require_once('D:\\OSPanel\\domains\\php\\PHP_13Meet_11.07\\Pr13_11.07\\public\\index.php')
CRITICAL - 2023-07-14 12:08:15 --> Undefined variable $row
in APPPATH\Views\Tours.php on line 13.
 1 APPPATH\Views\Tours.php(13): CodeIgniter\Debug\Exceptions->errorHandler()
 2 SYSTEMPATH\View\View.php(224): include('D:\\OSPanel\\domains\\php\\PHP_13Meet_11.07\\Pr13_11.07\\app\\Views\\Tours.php')
 3 SYSTEMPATH\View\View.php(227): CodeIgniter\View\View->CodeIgniter\View\{closure}()
 4 SYSTEMPATH\Common.php(1180): CodeIgniter\View\View->render()
 5 APPPATH\Controllers\Home.php(30): view()
 6 SYSTEMPATH\CodeIgniter.php(932): App\Controllers\Home->Tours()
 7 SYSTEMPATH\CodeIgniter.php(497): CodeIgniter\CodeIgniter->runController()
 8 SYSTEMPATH\CodeIgniter.php(366): CodeIgniter\CodeIgniter->handleRequest()
 9 FCPATH\index.php(67): CodeIgniter\CodeIgniter->run()
10 SYSTEMPATH\Commands\Server\rewrite.php(47): require_once('D:\\OSPanel\\domains\\php\\PHP_13Meet_11.07\\Pr13_11.07\\public\\index.php')
CRITICAL - 2023-07-14 12:09:08 --> Undefined variable $row
in APPPATH\Views\Tours.php on line 13.
 1 APPPATH\Views\Tours.php(13): CodeIgniter\Debug\Exceptions->errorHandler()
 2 SYSTEMPATH\View\View.php(224): include('D:\\OSPanel\\domains\\php\\PHP_13Meet_11.07\\Pr13_11.07\\app\\Views\\Tours.php')
 3 SYSTEMPATH\View\View.php(227): CodeIgniter\View\View->CodeIgniter\View\{closure}()
 4 SYSTEMPATH\Common.php(1180): CodeIgniter\View\View->render()
 5 APPPATH\Controllers\Home.php(30): view()
 6 SYSTEMPATH\CodeIgniter.php(932): App\Controllers\Home->Tours()
 7 SYSTEMPATH\CodeIgniter.php(497): CodeIgniter\CodeIgniter->runController()
 8 SYSTEMPATH\CodeIgniter.php(366): CodeIgniter\CodeIgniter->handleRequest()
 9 FCPATH\index.php(67): CodeIgniter\CodeIgniter->run()
10 SYSTEMPATH\Commands\Server\rewrite.php(47): require_once('D:\\OSPanel\\domains\\php\\PHP_13Meet_11.07\\Pr13_11.07\\public\\index.php')
CRITICAL - 2023-07-14 15:43:48 --> Undefined property: CodeIgniter\View\View::$load
in APPPATH\Views\Header.php on line 12.
 1 APPPATH\Views\Header.php(12): CodeIgniter\Debug\Exceptions->errorHandler()
 2 SYSTEMPATH\View\View.php(224): include('D:\\OSPanel\\domains\\php\\PHP_13Meet_11.07\\Pr13_11.07\\app\\Views\\Header.php')
 3 SYSTEMPATH\View\View.php(227): CodeIgniter\View\View->CodeIgniter\View\{closure}()
 4 SYSTEMPATH\Common.php(1180): CodeIgniter\View\View->render()
 5 APPPATH\Controllers\Home.php(37): view()
 6 SYSTEMPATH\CodeIgniter.php(932): App\Controllers\Home->Tours()
 7 SYSTEMPATH\CodeIgniter.php(497): CodeIgniter\CodeIgniter->runController()
 8 SYSTEMPATH\CodeIgniter.php(366): CodeIgniter\CodeIgniter->handleRequest()
 9 FCPATH\index.php(67): CodeIgniter\CodeIgniter->run()
10 SYSTEMPATH\Commands\Server\rewrite.php(47): require_once('D:\\OSPanel\\domains\\php\\PHP_13Meet_11.07\\Pr13_11.07\\public\\index.php')
CRITICAL - 2023-07-14 15:44:04 --> Undefined property: CodeIgniter\View\View::$load
in APPPATH\Views\Header.php on line 12.
 1 APPPATH\Views\Header.php(12): CodeIgniter\Debug\Exceptions->errorHandler()
 2 SYSTEMPATH\View\View.php(224): include('D:\\OSPanel\\domains\\php\\PHP_13Meet_11.07\\Pr13_11.07\\app\\Views\\Header.php')
 3 SYSTEMPATH\View\View.php(227): CodeIgniter\View\View->CodeIgniter\View\{closure}()
 4 SYSTEMPATH\Common.php(1180): CodeIgniter\View\View->render()
 5 APPPATH\Controllers\Home.php(37): view()
 6 SYSTEMPATH\CodeIgniter.php(932): App\Controllers\Home->Tours()
 7 SYSTEMPATH\CodeIgniter.php(497): CodeIgniter\CodeIgniter->runController()
 8 SYSTEMPATH\CodeIgniter.php(366): CodeIgniter\CodeIgniter->handleRequest()
 9 FCPATH\index.php(67): CodeIgniter\CodeIgniter->run()
10 SYSTEMPATH\Commands\Server\rewrite.php(47): require_once('D:\\OSPanel\\domains\\php\\PHP_13Meet_11.07\\Pr13_11.07\\public\\index.php')
CRITICAL - 2023-07-14 15:44:21 --> Undefined property: CodeIgniter\View\View::$load
in APPPATH\Views\Header.php on line 12.
 1 APPPATH\Views\Header.php(12): CodeIgniter\Debug\Exceptions->errorHandler()
 2 SYSTEMPATH\View\View.php(224): include('D:\\OSPanel\\domains\\php\\PHP_13Meet_11.07\\Pr13_11.07\\app\\Views\\Header.php')
 3 SYSTEMPATH\View\View.php(227): CodeIgniter\View\View->CodeIgniter\View\{closure}()
 4 SYSTEMPATH\Common.php(1180): CodeIgniter\View\View->render()
 5 APPPATH\Controllers\Home.php(37): view()
 6 SYSTEMPATH\CodeIgniter.php(932): App\Controllers\Home->Tours()
 7 SYSTEMPATH\CodeIgniter.php(497): CodeIgniter\CodeIgniter->runController()
 8 SYSTEMPATH\CodeIgniter.php(366): CodeIgniter\CodeIgniter->handleRequest()
 9 FCPATH\index.php(67): CodeIgniter\CodeIgniter->run()
10 SYSTEMPATH\Commands\Server\rewrite.php(47): require_once('D:\\OSPanel\\domains\\php\\PHP_13Meet_11.07\\Pr13_11.07\\public\\index.php')
CRITICAL - 2023-07-14 15:44:33 --> Undefined property: CodeIgniter\View\View::$load
in APPPATH\Views\Header.php on line 12.
 1 APPPATH\Views\Header.php(12): CodeIgniter\Debug\Exceptions->errorHandler()
 2 SYSTEMPATH\View\View.php(224): include('D:\\OSPanel\\domains\\php\\PHP_13Meet_11.07\\Pr13_11.07\\app\\Views\\Header.php')
 3 SYSTEMPATH\View\View.php(227): CodeIgniter\View\View->CodeIgniter\View\{closure}()
 4 SYSTEMPATH\Common.php(1180): CodeIgniter\View\View->render()
 5 APPPATH\Controllers\Home.php(37): view()
 6 SYSTEMPATH\CodeIgniter.php(932): App\Controllers\Home->Tours()
 7 SYSTEMPATH\CodeIgniter.php(497): CodeIgniter\CodeIgniter->runController()
 8 SYSTEMPATH\CodeIgniter.php(366): CodeIgniter\CodeIgniter->handleRequest()
 9 FCPATH\index.php(67): CodeIgniter\CodeIgniter->run()
10 SYSTEMPATH\Commands\Server\rewrite.php(47): require_once('D:\\OSPanel\\domains\\php\\PHP_13Meet_11.07\\Pr13_11.07\\public\\index.php')
CRITICAL - 2023-07-14 15:44:34 --> Undefined property: CodeIgniter\View\View::$load
in APPPATH\Views\Header.php on line 12.
 1 APPPATH\Views\Header.php(12): CodeIgniter\Debug\Exceptions->errorHandler()
 2 SYSTEMPATH\View\View.php(224): include('D:\\OSPanel\\domains\\php\\PHP_13Meet_11.07\\Pr13_11.07\\app\\Views\\Header.php')
 3 SYSTEMPATH\View\View.php(227): CodeIgniter\View\View->CodeIgniter\View\{closure}()
 4 SYSTEMPATH\Common.php(1180): CodeIgniter\View\View->render()
 5 APPPATH\Controllers\Home.php(37): view()
 6 SYSTEMPATH\CodeIgniter.php(932): App\Controllers\Home->Tours()
 7 SYSTEMPATH\CodeIgniter.php(497): CodeIgniter\CodeIgniter->runController()
 8 SYSTEMPATH\CodeIgniter.php(366): CodeIgniter\CodeIgniter->handleRequest()
 9 FCPATH\index.php(67): CodeIgniter\CodeIgniter->run()
10 SYSTEMPATH\Commands\Server\rewrite.php(47): require_once('D:\\OSPanel\\domains\\php\\PHP_13Meet_11.07\\Pr13_11.07\\public\\index.php')
CRITICAL - 2023-07-14 15:44:35 --> Undefined property: CodeIgniter\View\View::$load
in APPPATH\Views\Header.php on line 12.
 1 APPPATH\Views\Header.php(12): CodeIgniter\Debug\Exceptions->errorHandler()
 2 SYSTEMPATH\View\View.php(224): include('D:\\OSPanel\\domains\\php\\PHP_13Meet_11.07\\Pr13_11.07\\app\\Views\\Header.php')
 3 SYSTEMPATH\View\View.php(227): CodeIgniter\View\View->CodeIgniter\View\{closure}()
 4 SYSTEMPATH\Common.php(1180): CodeIgniter\View\View->render()
 5 APPPATH\Controllers\Home.php(37): view()
 6 SYSTEMPATH\CodeIgniter.php(932): App\Controllers\Home->Tours()
 7 SYSTEMPATH\CodeIgniter.php(497): CodeIgniter\CodeIgniter->runController()
 8 SYSTEMPATH\CodeIgniter.php(366): CodeIgniter\CodeIgniter->handleRequest()
 9 FCPATH\index.php(67): CodeIgniter\CodeIgniter->run()
10 SYSTEMPATH\Commands\Server\rewrite.php(47): require_once('D:\\OSPanel\\domains\\php\\PHP_13Meet_11.07\\Pr13_11.07\\public\\index.php')
CRITICAL - 2023-07-14 15:44:36 --> Undefined property: CodeIgniter\View\View::$load
in APPPATH\Views\Header.php on line 12.
 1 APPPATH\Views\Header.php(12): CodeIgniter\Debug\Exceptions->errorHandler()
 2 SYSTEMPATH\View\View.php(224): include('D:\\OSPanel\\domains\\php\\PHP_13Meet_11.07\\Pr13_11.07\\app\\Views\\Header.php')
 3 SYSTEMPATH\View\View.php(227): CodeIgniter\View\View->CodeIgniter\View\{closure}()
 4 SYSTEMPATH\Common.php(1180): CodeIgniter\View\View->render()
 5 APPPATH\Controllers\Home.php(37): view()
 6 SYSTEMPATH\CodeIgniter.php(932): App\Controllers\Home->Tours()
 7 SYSTEMPATH\CodeIgniter.php(497): CodeIgniter\CodeIgniter->runController()
 8 SYSTEMPATH\CodeIgniter.php(366): CodeIgniter\CodeIgniter->handleRequest()
 9 FCPATH\index.php(67): CodeIgniter\CodeIgniter->run()
10 SYSTEMPATH\Commands\Server\rewrite.php(47): require_once('D:\\OSPanel\\domains\\php\\PHP_13Meet_11.07\\Pr13_11.07\\public\\index.php')
CRITICAL - 2023-07-14 15:44:46 --> Undefined property: CodeIgniter\View\View::$load
in APPPATH\Views\Header.php on line 12.
 1 APPPATH\Views\Header.php(12): CodeIgniter\Debug\Exceptions->errorHandler()
 2 SYSTEMPATH\View\View.php(224): include('D:\\OSPanel\\domains\\php\\PHP_13Meet_11.07\\Pr13_11.07\\app\\Views\\Header.php')
 3 SYSTEMPATH\View\View.php(227): CodeIgniter\View\View->CodeIgniter\View\{closure}()
 4 SYSTEMPATH\Common.php(1180): CodeIgniter\View\View->render()
 5 APPPATH\Controllers\Home.php(37): view()
 6 SYSTEMPATH\CodeIgniter.php(932): App\Controllers\Home->Tours()
 7 SYSTEMPATH\CodeIgniter.php(497): CodeIgniter\CodeIgniter->runController()
 8 SYSTEMPATH\CodeIgniter.php(366): CodeIgniter\CodeIgniter->handleRequest()
 9 FCPATH\index.php(67): CodeIgniter\CodeIgniter->run()
10 SYSTEMPATH\Commands\Server\rewrite.php(47): require_once('D:\\OSPanel\\domains\\php\\PHP_13Meet_11.07\\Pr13_11.07\\public\\index.php')
CRITICAL - 2023-07-14 15:44:50 --> Undefined property: CodeIgniter\View\View::$load
in APPPATH\Views\Header.php on line 12.
 1 APPPATH\Views\Header.php(12): CodeIgniter\Debug\Exceptions->errorHandler()
 2 SYSTEMPATH\View\View.php(224): include('D:\\OSPanel\\domains\\php\\PHP_13Meet_11.07\\Pr13_11.07\\app\\Views\\Header.php')
 3 SYSTEMPATH\View\View.php(227): CodeIgniter\View\View->CodeIgniter\View\{closure}()
 4 SYSTEMPATH\Common.php(1180): CodeIgniter\View\View->render()
 5 APPPATH\Controllers\Home.php(37): view()
 6 SYSTEMPATH\CodeIgniter.php(932): App\Controllers\Home->Tours()
 7 SYSTEMPATH\CodeIgniter.php(497): CodeIgniter\CodeIgniter->runController()
 8 SYSTEMPATH\CodeIgniter.php(366): CodeIgniter\CodeIgniter->handleRequest()
 9 FCPATH\index.php(67): CodeIgniter\CodeIgniter->run()
10 SYSTEMPATH\Commands\Server\rewrite.php(47): require_once('D:\\OSPanel\\domains\\php\\PHP_13Meet_11.07\\Pr13_11.07\\public\\index.php')
CRITICAL - 2023-07-14 15:44:52 --> Undefined property: CodeIgniter\View\View::$load
in APPPATH\Views\Header.php on line 12.
 1 APPPATH\Views\Header.php(12): CodeIgniter\Debug\Exceptions->errorHandler()
 2 SYSTEMPATH\View\View.php(224): include('D:\\OSPanel\\domains\\php\\PHP_13Meet_11.07\\Pr13_11.07\\app\\Views\\Header.php')
 3 SYSTEMPATH\View\View.php(227): CodeIgniter\View\View->CodeIgniter\View\{closure}()
 4 SYSTEMPATH\Common.php(1180): CodeIgniter\View\View->render()
 5 APPPATH\Controllers\Home.php(37): view()
 6 SYSTEMPATH\CodeIgniter.php(932): App\Controllers\Home->Tours()
 7 SYSTEMPATH\CodeIgniter.php(497): CodeIgniter\CodeIgniter->runController()
 8 SYSTEMPATH\CodeIgniter.php(366): CodeIgniter\CodeIgniter->handleRequest()
 9 FCPATH\index.php(67): CodeIgniter\CodeIgniter->run()
10 SYSTEMPATH\Commands\Server\rewrite.php(47): require_once('D:\\OSPanel\\domains\\php\\PHP_13Meet_11.07\\Pr13_11.07\\public\\index.php')
CRITICAL - 2023-07-14 15:44:54 --> Undefined property: CodeIgniter\View\View::$load
in APPPATH\Views\Header.php on line 12.
 1 APPPATH\Views\Header.php(12): CodeIgniter\Debug\Exceptions->errorHandler()
 2 SYSTEMPATH\View\View.php(224): include('D:\\OSPanel\\domains\\php\\PHP_13Meet_11.07\\Pr13_11.07\\app\\Views\\Header.php')
 3 SYSTEMPATH\View\View.php(227): CodeIgniter\View\View->CodeIgniter\View\{closure}()
 4 SYSTEMPATH\Common.php(1180): CodeIgniter\View\View->render()
 5 APPPATH\Controllers\Home.php(37): view()
 6 SYSTEMPATH\CodeIgniter.php(932): App\Controllers\Home->Tours()
 7 SYSTEMPATH\CodeIgniter.php(497): CodeIgniter\CodeIgniter->runController()
 8 SYSTEMPATH\CodeIgniter.php(366): CodeIgniter\CodeIgniter->handleRequest()
 9 FCPATH\index.php(67): CodeIgniter\CodeIgniter->run()
10 SYSTEMPATH\Commands\Server\rewrite.php(47): require_once('D:\\OSPanel\\domains\\php\\PHP_13Meet_11.07\\Pr13_11.07\\public\\index.php')
CRITICAL - 2023-07-14 15:44:54 --> Undefined property: CodeIgniter\View\View::$load
in APPPATH\Views\Header.php on line 12.
 1 APPPATH\Views\Header.php(12): CodeIgniter\Debug\Exceptions->errorHandler()
 2 SYSTEMPATH\View\View.php(224): include('D:\\OSPanel\\domains\\php\\PHP_13Meet_11.07\\Pr13_11.07\\app\\Views\\Header.php')
 3 SYSTEMPATH\View\View.php(227): CodeIgniter\View\View->CodeIgniter\View\{closure}()
 4 SYSTEMPATH\Common.php(1180): CodeIgniter\View\View->render()
 5 APPPATH\Controllers\Home.php(37): view()
 6 SYSTEMPATH\CodeIgniter.php(932): App\Controllers\Home->Tours()
 7 SYSTEMPATH\CodeIgniter.php(497): CodeIgniter\CodeIgniter->runController()
 8 SYSTEMPATH\CodeIgniter.php(366): CodeIgniter\CodeIgniter->handleRequest()
 9 FCPATH\index.php(67): CodeIgniter\CodeIgniter->run()
10 SYSTEMPATH\Commands\Server\rewrite.php(47): require_once('D:\\OSPanel\\domains\\php\\PHP_13Meet_11.07\\Pr13_11.07\\public\\index.php')
CRITICAL - 2023-07-14 15:45:18 --> Undefined property: CodeIgniter\View\View::$load
in APPPATH\Views\Header.php on line 12.
 1 APPPATH\Views\Header.php(12): CodeIgniter\Debug\Exceptions->errorHandler()
 2 SYSTEMPATH\View\View.php(224): include('D:\\OSPanel\\domains\\php\\PHP_13Meet_11.07\\Pr13_11.07\\app\\Views\\Header.php')
 3 SYSTEMPATH\View\View.php(227): CodeIgniter\View\View->CodeIgniter\View\{closure}()
 4 SYSTEMPATH\Common.php(1180): CodeIgniter\View\View->render()
 5 APPPATH\Controllers\Home.php(36): view()
 6 SYSTEMPATH\CodeIgniter.php(932): App\Controllers\Home->Tours()
 7 SYSTEMPATH\CodeIgniter.php(497): CodeIgniter\CodeIgniter->runController()
 8 SYSTEMPATH\CodeIgniter.php(366): CodeIgniter\CodeIgniter->handleRequest()
 9 FCPATH\index.php(67): CodeIgniter\CodeIgniter->run()
10 SYSTEMPATH\Commands\Server\rewrite.php(47): require_once('D:\\OSPanel\\domains\\php\\PHP_13Meet_11.07\\Pr13_11.07\\public\\index.php')
CRITICAL - 2023-07-14 15:45:25 --> Undefined property: CodeIgniter\View\View::$load
in APPPATH\Views\Header.php on line 12.
 1 APPPATH\Views\Header.php(12): CodeIgniter\Debug\Exceptions->errorHandler()
 2 SYSTEMPATH\View\View.php(224): include('D:\\OSPanel\\domains\\php\\PHP_13Meet_11.07\\Pr13_11.07\\app\\Views\\Header.php')
 3 SYSTEMPATH\View\View.php(227): CodeIgniter\View\View->CodeIgniter\View\{closure}()
 4 SYSTEMPATH\Common.php(1180): CodeIgniter\View\View->render()
 5 APPPATH\Controllers\Home.php(36): view()
 6 SYSTEMPATH\CodeIgniter.php(932): App\Controllers\Home->Tours()
 7 SYSTEMPATH\CodeIgniter.php(497): CodeIgniter\CodeIgniter->runController()
 8 SYSTEMPATH\CodeIgniter.php(366): CodeIgniter\CodeIgniter->handleRequest()
 9 FCPATH\index.php(67): CodeIgniter\CodeIgniter->run()
10 SYSTEMPATH\Commands\Server\rewrite.php(47): require_once('D:\\OSPanel\\domains\\php\\PHP_13Meet_11.07\\Pr13_11.07\\public\\index.php')
CRITICAL - 2023-07-14 15:45:43 --> Undefined property: CodeIgniter\View\View::$load
in APPPATH\Views\Header.php on line 12.
 1 APPPATH\Views\Header.php(12): CodeIgniter\Debug\Exceptions->errorHandler()
 2 SYSTEMPATH\View\View.php(224): include('D:\\OSPanel\\domains\\php\\PHP_13Meet_11.07\\Pr13_11.07\\app\\Views\\Header.php')
 3 SYSTEMPATH\View\View.php(227): CodeIgniter\View\View->CodeIgniter\View\{closure}()
 4 SYSTEMPATH\Common.php(1180): CodeIgniter\View\View->render()
 5 APPPATH\Controllers\Home.php(36): view()
 6 SYSTEMPATH\CodeIgniter.php(932): App\Controllers\Home->Tours()
 7 SYSTEMPATH\CodeIgniter.php(497): CodeIgniter\CodeIgniter->runController()
 8 SYSTEMPATH\CodeIgniter.php(366): CodeIgniter\CodeIgniter->handleRequest()
 9 FCPATH\index.php(67): CodeIgniter\CodeIgniter->run()
10 SYSTEMPATH\Commands\Server\rewrite.php(47): require_once('D:\\OSPanel\\domains\\php\\PHP_13Meet_11.07\\Pr13_11.07\\public\\index.php')
CRITICAL - 2023-07-14 15:45:55 --> Undefined property: CodeIgniter\View\View::$load
in APPPATH\Views\Header.php on line 12.
 1 APPPATH\Views\Header.php(12): CodeIgniter\Debug\Exceptions->errorHandler()
 2 SYSTEMPATH\View\View.php(224): include('D:\\OSPanel\\domains\\php\\PHP_13Meet_11.07\\Pr13_11.07\\app\\Views\\Header.php')
 3 SYSTEMPATH\View\View.php(227): CodeIgniter\View\View->CodeIgniter\View\{closure}()
 4 SYSTEMPATH\Common.php(1180): CodeIgniter\View\View->render()
 5 APPPATH\Controllers\Home.php(36): view()
 6 SYSTEMPATH\CodeIgniter.php(932): App\Controllers\Home->Tours()
 7 SYSTEMPATH\CodeIgniter.php(497): CodeIgniter\CodeIgniter->runController()
 8 SYSTEMPATH\CodeIgniter.php(366): CodeIgniter\CodeIgniter->handleRequest()
 9 FCPATH\index.php(67): CodeIgniter\CodeIgniter->run()
10 SYSTEMPATH\Commands\Server\rewrite.php(47): require_once('D:\\OSPanel\\domains\\php\\PHP_13Meet_11.07\\Pr13_11.07\\public\\index.php')
CRITICAL - 2023-07-14 15:46:01 --> Undefined property: CodeIgniter\View\View::$load
in APPPATH\Views\Header.php on line 12.
 1 APPPATH\Views\Header.php(12): CodeIgniter\Debug\Exceptions->errorHandler()
 2 SYSTEMPATH\View\View.php(224): include('D:\\OSPanel\\domains\\php\\PHP_13Meet_11.07\\Pr13_11.07\\app\\Views\\Header.php')
 3 SYSTEMPATH\View\View.php(227): CodeIgniter\View\View->CodeIgniter\View\{closure}()
 4 SYSTEMPATH\Common.php(1180): CodeIgniter\View\View->render()
 5 APPPATH\Controllers\Home.php(37): view()
 6 SYSTEMPATH\CodeIgniter.php(932): App\Controllers\Home->Tours()
 7 SYSTEMPATH\CodeIgniter.php(497): CodeIgniter\CodeIgniter->runController()
 8 SYSTEMPATH\CodeIgniter.php(366): CodeIgniter\CodeIgniter->handleRequest()
 9 FCPATH\index.php(67): CodeIgniter\CodeIgniter->run()
10 SYSTEMPATH\Commands\Server\rewrite.php(47): require_once('D:\\OSPanel\\domains\\php\\PHP_13Meet_11.07\\Pr13_11.07\\public\\index.php')
ERROR - 2023-07-14 15:51:50 --> mysqli_sql_exception: Unknown column 'Gdansk' in 'where clause' in D:\OSPanel\domains\php\PHP_13Meet_11.07\Pr13_11.07\system\Database\MySQLi\Connection.php:295
Stack trace:
#0 D:\OSPanel\domains\php\PHP_13Meet_11.07\Pr13_11.07\system\Database\MySQLi\Connection.php(295): mysqli->query()
#1 D:\OSPanel\domains\php\PHP_13Meet_11.07\Pr13_11.07\system\Database\BaseConnection.php(692): CodeIgniter\Database\MySQLi\Connection->execute()
#2 D:\OSPanel\domains\php\PHP_13Meet_11.07\Pr13_11.07\system\Database\BaseConnection.php(606): CodeIgniter\Database\BaseConnection->simpleQuery()
#3 D:\OSPanel\domains\php\PHP_13Meet_11.07\Pr13_11.07\app\Controllers\Home.php(17): CodeIgniter\Database\BaseConnection->query()
#4 D:\OSPanel\domains\php\PHP_13Meet_11.07\Pr13_11.07\system\CodeIgniter.php(932): App\Controllers\Home->Tours()
#5 D:\OSPanel\domains\php\PHP_13Meet_11.07\Pr13_11.07\system\CodeIgniter.php(497): CodeIgniter\CodeIgniter->runController()
#6 D:\OSPanel\domains\php\PHP_13Meet_11.07\Pr13_11.07\system\CodeIgniter.php(366): CodeIgniter\CodeIgniter->handleRequest()
#7 D:\OSPanel\domains\php\PHP_13Meet_11.07\Pr13_11.07\public\index.php(67): CodeIgniter\CodeIgniter->run()
#8 D:\OSPanel\domains\php\PHP_13Meet_11.07\Pr13_11.07\system\Commands\Server\rewrite.php(47): require_once('D:\\OSPanel\\doma...')
#9 {main}
CRITICAL - 2023-07-14 15:51:50 --> Unknown column 'Gdansk' in 'where clause'
in SYSTEMPATH\Database\MySQLi\Connection.php on line 295.
 1 SYSTEMPATH\Database\MySQLi\Connection.php(295): mysqli->query()
 2 SYSTEMPATH\Database\BaseConnection.php(692): CodeIgniter\Database\MySQLi\Connection->execute()
 3 SYSTEMPATH\Database\BaseConnection.php(606): CodeIgniter\Database\BaseConnection->simpleQuery()
 4 APPPATH\Controllers\Home.php(17): CodeIgniter\Database\BaseConnection->query()
 5 SYSTEMPATH\CodeIgniter.php(932): App\Controllers\Home->Tours()
 6 SYSTEMPATH\CodeIgniter.php(497): CodeIgniter\CodeIgniter->runController()
 7 SYSTEMPATH\CodeIgniter.php(366): CodeIgniter\CodeIgniter->handleRequest()
 8 FCPATH\index.php(67): CodeIgniter\CodeIgniter->run()
 9 SYSTEMPATH\Commands\Server\rewrite.php(47): require_once('D:\\OSPanel\\domains\\php\\PHP_13Meet_11.07\\Pr13_11.07\\public\\index.php')
ERROR - 2023-07-14 15:52:03 --> mysqli_sql_exception: Unknown column 'Warsaw' in 'where clause' in D:\OSPanel\domains\php\PHP_13Meet_11.07\Pr13_11.07\system\Database\MySQLi\Connection.php:295
Stack trace:
#0 D:\OSPanel\domains\php\PHP_13Meet_11.07\Pr13_11.07\system\Database\MySQLi\Connection.php(295): mysqli->query()
#1 D:\OSPanel\domains\php\PHP_13Meet_11.07\Pr13_11.07\system\Database\BaseConnection.php(692): CodeIgniter\Database\MySQLi\Connection->execute()
#2 D:\OSPanel\domains\php\PHP_13Meet_11.07\Pr13_11.07\system\Database\BaseConnection.php(606): CodeIgniter\Database\BaseConnection->simpleQuery()
#3 D:\OSPanel\domains\php\PHP_13Meet_11.07\Pr13_11.07\app\Controllers\Home.php(17): CodeIgniter\Database\BaseConnection->query()
#4 D:\OSPanel\domains\php\PHP_13Meet_11.07\Pr13_11.07\system\CodeIgniter.php(932): App\Controllers\Home->Tours()
#5 D:\OSPanel\domains\php\PHP_13Meet_11.07\Pr13_11.07\system\CodeIgniter.php(497): CodeIgniter\CodeIgniter->runController()
#6 D:\OSPanel\domains\php\PHP_13Meet_11.07\Pr13_11.07\system\CodeIgniter.php(366): CodeIgniter\CodeIgniter->handleRequest()
#7 D:\OSPanel\domains\php\PHP_13Meet_11.07\Pr13_11.07\public\index.php(67): CodeIgniter\CodeIgniter->run()
#8 D:\OSPanel\domains\php\PHP_13Meet_11.07\Pr13_11.07\system\Commands\Server\rewrite.php(47): require_once('D:\\OSPanel\\doma...')
#9 {main}
CRITICAL - 2023-07-14 15:52:03 --> Unknown column 'Warsaw' in 'where clause'
in SYSTEMPATH\Database\MySQLi\Connection.php on line 295.
 1 SYSTEMPATH\Database\MySQLi\Connection.php(295): mysqli->query()
 2 SYSTEMPATH\Database\BaseConnection.php(692): CodeIgniter\Database\MySQLi\Connection->execute()
 3 SYSTEMPATH\Database\BaseConnection.php(606): CodeIgniter\Database\BaseConnection->simpleQuery()
 4 APPPATH\Controllers\Home.php(17): CodeIgniter\Database\BaseConnection->query()
 5 SYSTEMPATH\CodeIgniter.php(932): App\Controllers\Home->Tours()
 6 SYSTEMPATH\CodeIgniter.php(497): CodeIgniter\CodeIgniter->runController()
 7 SYSTEMPATH\CodeIgniter.php(366): CodeIgniter\CodeIgniter->handleRequest()
 8 FCPATH\index.php(67): CodeIgniter\CodeIgniter->run()
 9 SYSTEMPATH\Commands\Server\rewrite.php(47): require_once('D:\\OSPanel\\domains\\php\\PHP_13Meet_11.07\\Pr13_11.07\\public\\index.php')
ERROR - 2023-07-14 15:52:29 --> mysqli_sql_exception: Unknown column 'Warsaw' in 'where clause' in D:\OSPanel\domains\php\PHP_13Meet_11.07\Pr13_11.07\system\Database\MySQLi\Connection.php:295
Stack trace:
#0 D:\OSPanel\domains\php\PHP_13Meet_11.07\Pr13_11.07\system\Database\MySQLi\Connection.php(295): mysqli->query()
#1 D:\OSPanel\domains\php\PHP_13Meet_11.07\Pr13_11.07\system\Database\BaseConnection.php(692): CodeIgniter\Database\MySQLi\Connection->execute()
#2 D:\OSPanel\domains\php\PHP_13Meet_11.07\Pr13_11.07\system\Database\BaseConnection.php(606): CodeIgniter\Database\BaseConnection->simpleQuery()
#3 D:\OSPanel\domains\php\PHP_13Meet_11.07\Pr13_11.07\app\Controllers\Home.php(19): CodeIgniter\Database\BaseConnection->query()
#4 D:\OSPanel\domains\php\PHP_13Meet_11.07\Pr13_11.07\system\CodeIgniter.php(932): App\Controllers\Home->Tours()
#5 D:\OSPanel\domains\php\PHP_13Meet_11.07\Pr13_11.07\system\CodeIgniter.php(497): CodeIgniter\CodeIgniter->runController()
#6 D:\OSPanel\domains\php\PHP_13Meet_11.07\Pr13_11.07\system\CodeIgniter.php(366): CodeIgniter\CodeIgniter->handleRequest()
#7 D:\OSPanel\domains\php\PHP_13Meet_11.07\Pr13_11.07\public\index.php(67): CodeIgniter\CodeIgniter->run()
#8 D:\OSPanel\domains\php\PHP_13Meet_11.07\Pr13_11.07\system\Commands\Server\rewrite.php(47): require_once('D:\\OSPanel\\doma...')
#9 {main}
CRITICAL - 2023-07-14 15:52:29 --> Unknown column 'Warsaw' in 'where clause'
in SYSTEMPATH\Database\MySQLi\Connection.php on line 295.
 1 SYSTEMPATH\Database\MySQLi\Connection.php(295): mysqli->query()
 2 SYSTEMPATH\Database\BaseConnection.php(692): CodeIgniter\Database\MySQLi\Connection->execute()
 3 SYSTEMPATH\Database\BaseConnection.php(606): CodeIgniter\Database\BaseConnection->simpleQuery()
 4 APPPATH\Controllers\Home.php(19): CodeIgniter\Database\BaseConnection->query()
 5 SYSTEMPATH\CodeIgniter.php(932): App\Controllers\Home->Tours()
 6 SYSTEMPATH\CodeIgniter.php(497): CodeIgniter\CodeIgniter->runController()
 7 SYSTEMPATH\CodeIgniter.php(366): CodeIgniter\CodeIgniter->handleRequest()
 8 FCPATH\index.php(67): CodeIgniter\CodeIgniter->run()
 9 SYSTEMPATH\Commands\Server\rewrite.php(47): require_once('D:\\OSPanel\\domains\\php\\PHP_13Meet_11.07\\Pr13_11.07\\public\\index.php')
CRITICAL - 2023-07-14 15:53:06 --> Undefined variable $hotels
in APPPATH\Views\Tours.php on line 31.
 1 APPPATH\Views\Tours.php(31): CodeIgniter\Debug\Exceptions->errorHandler()
 2 SYSTEMPATH\View\View.php(224): include('D:\\OSPanel\\domains\\php\\PHP_13Meet_11.07\\Pr13_11.07\\app\\Views\\Tours.php')
 3 SYSTEMPATH\View\View.php(227): CodeIgniter\View\View->CodeIgniter\View\{closure}()
 4 SYSTEMPATH\Common.php(1180): CodeIgniter\View\View->render()
 5 APPPATH\Controllers\Home.php(46): view()
 6 SYSTEMPATH\CodeIgniter.php(932): App\Controllers\Home->Tours()
 7 SYSTEMPATH\CodeIgniter.php(497): CodeIgniter\CodeIgniter->runController()
 8 SYSTEMPATH\CodeIgniter.php(366): CodeIgniter\CodeIgniter->handleRequest()
 9 FCPATH\index.php(67): CodeIgniter\CodeIgniter->run()
10 SYSTEMPATH\Commands\Server\rewrite.php(47): require_once('D:\\OSPanel\\domains\\php\\PHP_13Meet_11.07\\Pr13_11.07\\public\\index.php')
ERROR - 2023-07-14 15:53:28 --> mysqli_sql_exception: Unknown column 'Warsaw' in 'where clause' in D:\OSPanel\domains\php\PHP_13Meet_11.07\Pr13_11.07\system\Database\MySQLi\Connection.php:295
Stack trace:
#0 D:\OSPanel\domains\php\PHP_13Meet_11.07\Pr13_11.07\system\Database\MySQLi\Connection.php(295): mysqli->query()
#1 D:\OSPanel\domains\php\PHP_13Meet_11.07\Pr13_11.07\system\Database\BaseConnection.php(692): CodeIgniter\Database\MySQLi\Connection->execute()
#2 D:\OSPanel\domains\php\PHP_13Meet_11.07\Pr13_11.07\system\Database\BaseConnection.php(606): CodeIgniter\Database\BaseConnection->simpleQuery()
#3 D:\OSPanel\domains\php\PHP_13Meet_11.07\Pr13_11.07\app\Controllers\Home.php(19): CodeIgniter\Database\BaseConnection->query()
#4 D:\OSPanel\domains\php\PHP_13Meet_11.07\Pr13_11.07\system\CodeIgniter.php(932): App\Controllers\Home->Tours()
#5 D:\OSPanel\domains\php\PHP_13Meet_11.07\Pr13_11.07\system\CodeIgniter.php(497): CodeIgniter\CodeIgniter->runController()
#6 D:\OSPanel\domains\php\PHP_13Meet_11.07\Pr13_11.07\system\CodeIgniter.php(366): CodeIgniter\CodeIgniter->handleRequest()
#7 D:\OSPanel\domains\php\PHP_13Meet_11.07\Pr13_11.07\public\index.php(67): CodeIgniter\CodeIgniter->run()
#8 D:\OSPanel\domains\php\PHP_13Meet_11.07\Pr13_11.07\system\Commands\Server\rewrite.php(47): require_once('D:\\OSPanel\\doma...')
#9 {main}
CRITICAL - 2023-07-14 15:53:28 --> Unknown column 'Warsaw' in 'where clause'
in SYSTEMPATH\Database\MySQLi\Connection.php on line 295.
 1 SYSTEMPATH\Database\MySQLi\Connection.php(295): mysqli->query()
 2 SYSTEMPATH\Database\BaseConnection.php(692): CodeIgniter\Database\MySQLi\Connection->execute()
 3 SYSTEMPATH\Database\BaseConnection.php(606): CodeIgniter\Database\BaseConnection->simpleQuery()
 4 APPPATH\Controllers\Home.php(19): CodeIgniter\Database\BaseConnection->query()
 5 SYSTEMPATH\CodeIgniter.php(932): App\Controllers\Home->Tours()
 6 SYSTEMPATH\CodeIgniter.php(497): CodeIgniter\CodeIgniter->runController()
 7 SYSTEMPATH\CodeIgniter.php(366): CodeIgniter\CodeIgniter->handleRequest()
 8 FCPATH\index.php(67): CodeIgniter\CodeIgniter->run()
 9 SYSTEMPATH\Commands\Server\rewrite.php(47): require_once('D:\\OSPanel\\domains\\php\\PHP_13Meet_11.07\\Pr13_11.07\\public\\index.php')
ERROR - 2023-07-14 15:53:31 --> mysqli_sql_exception: Unknown column 'Warsaw' in 'where clause' in D:\OSPanel\domains\php\PHP_13Meet_11.07\Pr13_11.07\system\Database\MySQLi\Connection.php:295
Stack trace:
#0 D:\OSPanel\domains\php\PHP_13Meet_11.07\Pr13_11.07\system\Database\MySQLi\Connection.php(295): mysqli->query()
#1 D:\OSPanel\domains\php\PHP_13Meet_11.07\Pr13_11.07\system\Database\BaseConnection.php(692): CodeIgniter\Database\MySQLi\Connection->execute()
#2 D:\OSPanel\domains\php\PHP_13Meet_11.07\Pr13_11.07\system\Database\BaseConnection.php(606): CodeIgniter\Database\BaseConnection->simpleQuery()
#3 D:\OSPanel\domains\php\PHP_13Meet_11.07\Pr13_11.07\app\Controllers\Home.php(19): CodeIgniter\Database\BaseConnection->query()
#4 D:\OSPanel\domains\php\PHP_13Meet_11.07\Pr13_11.07\system\CodeIgniter.php(932): App\Controllers\Home->Tours()
#5 D:\OSPanel\domains\php\PHP_13Meet_11.07\Pr13_11.07\system\CodeIgniter.php(497): CodeIgniter\CodeIgniter->runController()
#6 D:\OSPanel\domains\php\PHP_13Meet_11.07\Pr13_11.07\system\CodeIgniter.php(366): CodeIgniter\CodeIgniter->handleRequest()
#7 D:\OSPanel\domains\php\PHP_13Meet_11.07\Pr13_11.07\public\index.php(67): CodeIgniter\CodeIgniter->run()
#8 D:\OSPanel\domains\php\PHP_13Meet_11.07\Pr13_11.07\system\Commands\Server\rewrite.php(47): require_once('D:\\OSPanel\\doma...')
#9 {main}
CRITICAL - 2023-07-14 15:53:31 --> Unknown column 'Warsaw' in 'where clause'
in SYSTEMPATH\Database\MySQLi\Connection.php on line 295.
 1 SYSTEMPATH\Database\MySQLi\Connection.php(295): mysqli->query()
 2 SYSTEMPATH\Database\BaseConnection.php(692): CodeIgniter\Database\MySQLi\Connection->execute()
 3 SYSTEMPATH\Database\BaseConnection.php(606): CodeIgniter\Database\BaseConnection->simpleQuery()
 4 APPPATH\Controllers\Home.php(19): CodeIgniter\Database\BaseConnection->query()
 5 SYSTEMPATH\CodeIgniter.php(932): App\Controllers\Home->Tours()
 6 SYSTEMPATH\CodeIgniter.php(497): CodeIgniter\CodeIgniter->runController()
 7 SYSTEMPATH\CodeIgniter.php(366): CodeIgniter\CodeIgniter->handleRequest()
 8 FCPATH\index.php(67): CodeIgniter\CodeIgniter->run()
 9 SYSTEMPATH\Commands\Server\rewrite.php(47): require_once('D:\\OSPanel\\domains\\php\\PHP_13Meet_11.07\\Pr13_11.07\\public\\index.php')
ERROR - 2023-07-14 15:53:31 --> mysqli_sql_exception: Unknown column 'Warsaw' in 'where clause' in D:\OSPanel\domains\php\PHP_13Meet_11.07\Pr13_11.07\system\Database\MySQLi\Connection.php:295
Stack trace:
#0 D:\OSPanel\domains\php\PHP_13Meet_11.07\Pr13_11.07\system\Database\MySQLi\Connection.php(295): mysqli->query()
#1 D:\OSPanel\domains\php\PHP_13Meet_11.07\Pr13_11.07\system\Database\BaseConnection.php(692): CodeIgniter\Database\MySQLi\Connection->execute()
#2 D:\OSPanel\domains\php\PHP_13Meet_11.07\Pr13_11.07\system\Database\BaseConnection.php(606): CodeIgniter\Database\BaseConnection->simpleQuery()
#3 D:\OSPanel\domains\php\PHP_13Meet_11.07\Pr13_11.07\app\Controllers\Home.php(19): CodeIgniter\Database\BaseConnection->query()
#4 D:\OSPanel\domains\php\PHP_13Meet_11.07\Pr13_11.07\system\CodeIgniter.php(932): App\Controllers\Home->Tours()
#5 D:\OSPanel\domains\php\PHP_13Meet_11.07\Pr13_11.07\system\CodeIgniter.php(497): CodeIgniter\CodeIgniter->runController()
#6 D:\OSPanel\domains\php\PHP_13Meet_11.07\Pr13_11.07\system\CodeIgniter.php(366): CodeIgniter\CodeIgniter->handleRequest()
#7 D:\OSPanel\domains\php\PHP_13Meet_11.07\Pr13_11.07\public\index.php(67): CodeIgniter\CodeIgniter->run()
#8 D:\OSPanel\domains\php\PHP_13Meet_11.07\Pr13_11.07\system\Commands\Server\rewrite.php(47): require_once('D:\\OSPanel\\doma...')
#9 {main}
CRITICAL - 2023-07-14 15:53:31 --> Unknown column 'Warsaw' in 'where clause'
in SYSTEMPATH\Database\MySQLi\Connection.php on line 295.
 1 SYSTEMPATH\Database\MySQLi\Connection.php(295): mysqli->query()
 2 SYSTEMPATH\Database\BaseConnection.php(692): CodeIgniter\Database\MySQLi\Connection->execute()
 3 SYSTEMPATH\Database\BaseConnection.php(606): CodeIgniter\Database\BaseConnection->simpleQuery()
 4 APPPATH\Controllers\Home.php(19): CodeIgniter\Database\BaseConnection->query()
 5 SYSTEMPATH\CodeIgniter.php(932): App\Controllers\Home->Tours()
 6 SYSTEMPATH\CodeIgniter.php(497): CodeIgniter\CodeIgniter->runController()
 7 SYSTEMPATH\CodeIgniter.php(366): CodeIgniter\CodeIgniter->handleRequest()
 8 FCPATH\index.php(67): CodeIgniter\CodeIgniter->run()
 9 SYSTEMPATH\Commands\Server\rewrite.php(47): require_once('D:\\OSPanel\\domains\\php\\PHP_13Meet_11.07\\Pr13_11.07\\public\\index.php')
CRITICAL - 2023-07-14 15:55:23 --> Undefined variable $hotels
in APPPATH\Views\Tours.php on line 31.
 1 APPPATH\Views\Tours.php(31): CodeIgniter\Debug\Exceptions->errorHandler()
 2 SYSTEMPATH\View\View.php(224): include('D:\\OSPanel\\domains\\php\\PHP_13Meet_11.07\\Pr13_11.07\\app\\Views\\Tours.php')
 3 SYSTEMPATH\View\View.php(227): CodeIgniter\View\View->CodeIgniter\View\{closure}()
 4 SYSTEMPATH\Common.php(1180): CodeIgniter\View\View->render()
 5 APPPATH\Controllers\Home.php(48): view()
 6 SYSTEMPATH\CodeIgniter.php(932): App\Controllers\Home->Tours()
 7 SYSTEMPATH\CodeIgniter.php(497): CodeIgniter\CodeIgniter->runController()
 8 SYSTEMPATH\CodeIgniter.php(366): CodeIgniter\CodeIgniter->handleRequest()
 9 FCPATH\index.php(67): CodeIgniter\CodeIgniter->run()
10 SYSTEMPATH\Commands\Server\rewrite.php(47): require_once('D:\\OSPanel\\domains\\php\\PHP_13Meet_11.07\\Pr13_11.07\\public\\index.php')
CRITICAL - 2023-07-14 15:55:41 --> Undefined variable $hotels
in APPPATH\Views\Tours.php on line 31.
 1 APPPATH\Views\Tours.php(31): CodeIgniter\Debug\Exceptions->errorHandler()
 2 SYSTEMPATH\View\View.php(224): include('D:\\OSPanel\\domains\\php\\PHP_13Meet_11.07\\Pr13_11.07\\app\\Views\\Tours.php')
 3 SYSTEMPATH\View\View.php(227): CodeIgniter\View\View->CodeIgniter\View\{closure}()
 4 SYSTEMPATH\Common.php(1180): CodeIgniter\View\View->render()
 5 APPPATH\Controllers\Home.php(48): view()
 6 SYSTEMPATH\CodeIgniter.php(932): App\Controllers\Home->Tours()
 7 SYSTEMPATH\CodeIgniter.php(497): CodeIgniter\CodeIgniter->runController()
 8 SYSTEMPATH\CodeIgniter.php(366): CodeIgniter\CodeIgniter->handleRequest()
 9 FCPATH\index.php(67): CodeIgniter\CodeIgniter->run()
10 SYSTEMPATH\Commands\Server\rewrite.php(47): require_once('D:\\OSPanel\\domains\\php\\PHP_13Meet_11.07\\Pr13_11.07\\public\\index.php')
CRITICAL - 2023-07-14 15:55:43 --> Undefined variable $hotels
in APPPATH\Views\Tours.php on line 31.
 1 APPPATH\Views\Tours.php(31): CodeIgniter\Debug\Exceptions->errorHandler()
 2 SYSTEMPATH\View\View.php(224): include('D:\\OSPanel\\domains\\php\\PHP_13Meet_11.07\\Pr13_11.07\\app\\Views\\Tours.php')
 3 SYSTEMPATH\View\View.php(227): CodeIgniter\View\View->CodeIgniter\View\{closure}()
 4 SYSTEMPATH\Common.php(1180): CodeIgniter\View\View->render()
 5 APPPATH\Controllers\Home.php(48): view()
 6 SYSTEMPATH\CodeIgniter.php(932): App\Controllers\Home->Tours()
 7 SYSTEMPATH\CodeIgniter.php(497): CodeIgniter\CodeIgniter->runController()
 8 SYSTEMPATH\CodeIgniter.php(366): CodeIgniter\CodeIgniter->handleRequest()
 9 FCPATH\index.php(67): CodeIgniter\CodeIgniter->run()
10 SYSTEMPATH\Commands\Server\rewrite.php(47): require_once('D:\\OSPanel\\domains\\php\\PHP_13Meet_11.07\\Pr13_11.07\\public\\index.php')
CRITICAL - 2023-07-14 15:56:17 --> Undefined variable $hotels
in APPPATH\Views\Tours.php on line 31.
 1 APPPATH\Views\Tours.php(31): CodeIgniter\Debug\Exceptions->errorHandler()
 2 SYSTEMPATH\View\View.php(224): include('D:\\OSPanel\\domains\\php\\PHP_13Meet_11.07\\Pr13_11.07\\app\\Views\\Tours.php')
 3 SYSTEMPATH\View\View.php(227): CodeIgniter\View\View->CodeIgniter\View\{closure}()
 4 SYSTEMPATH\Common.php(1180): CodeIgniter\View\View->render()
 5 APPPATH\Controllers\Home.php(49): view()
 6 SYSTEMPATH\CodeIgniter.php(932): App\Controllers\Home->Tours()
 7 SYSTEMPATH\CodeIgniter.php(497): CodeIgniter\CodeIgniter->runController()
 8 SYSTEMPATH\CodeIgniter.php(366): CodeIgniter\CodeIgniter->handleRequest()
 9 FCPATH\index.php(67): CodeIgniter\CodeIgniter->run()
10 SYSTEMPATH\Commands\Server\rewrite.php(47): require_once('D:\\OSPanel\\domains\\php\\PHP_13Meet_11.07\\Pr13_11.07\\public\\index.php')
CRITICAL - 2023-07-14 15:57:16 --> Undefined variable $hotels
in APPPATH\Views\Tours.php on line 31.
 1 APPPATH\Views\Tours.php(31): CodeIgniter\Debug\Exceptions->errorHandler()
 2 SYSTEMPATH\View\View.php(224): include('D:\\OSPanel\\domains\\php\\PHP_13Meet_11.07\\Pr13_11.07\\app\\Views\\Tours.php')
 3 SYSTEMPATH\View\View.php(227): CodeIgniter\View\View->CodeIgniter\View\{closure}()
 4 SYSTEMPATH\Common.php(1180): CodeIgniter\View\View->render()
 5 APPPATH\Controllers\Home.php(52): view()
 6 SYSTEMPATH\CodeIgniter.php(932): App\Controllers\Home->Tours()
 7 SYSTEMPATH\CodeIgniter.php(497): CodeIgniter\CodeIgniter->runController()
 8 SYSTEMPATH\CodeIgniter.php(366): CodeIgniter\CodeIgniter->handleRequest()
 9 FCPATH\index.php(67): CodeIgniter\CodeIgniter->run()
10 SYSTEMPATH\Commands\Server\rewrite.php(47): require_once('D:\\OSPanel\\domains\\php\\PHP_13Meet_11.07\\Pr13_11.07\\public\\index.php')
CRITICAL - 2023-07-14 15:57:17 --> Undefined variable $hotels
in APPPATH\Views\Tours.php on line 31.
 1 APPPATH\Views\Tours.php(31): CodeIgniter\Debug\Exceptions->errorHandler()
 2 SYSTEMPATH\View\View.php(224): include('D:\\OSPanel\\domains\\php\\PHP_13Meet_11.07\\Pr13_11.07\\app\\Views\\Tours.php')
 3 SYSTEMPATH\View\View.php(227): CodeIgniter\View\View->CodeIgniter\View\{closure}()
 4 SYSTEMPATH\Common.php(1180): CodeIgniter\View\View->render()
 5 APPPATH\Controllers\Home.php(52): view()
 6 SYSTEMPATH\CodeIgniter.php(932): App\Controllers\Home->Tours()
 7 SYSTEMPATH\CodeIgniter.php(497): CodeIgniter\CodeIgniter->runController()
 8 SYSTEMPATH\CodeIgniter.php(366): CodeIgniter\CodeIgniter->handleRequest()
 9 FCPATH\index.php(67): CodeIgniter\CodeIgniter->run()
10 SYSTEMPATH\Commands\Server\rewrite.php(47): require_once('D:\\OSPanel\\domains\\php\\PHP_13Meet_11.07\\Pr13_11.07\\public\\index.php')
CRITICAL - 2023-07-14 15:57:18 --> Undefined variable $hotels
in APPPATH\Views\Tours.php on line 31.
 1 APPPATH\Views\Tours.php(31): CodeIgniter\Debug\Exceptions->errorHandler()
 2 SYSTEMPATH\View\View.php(224): include('D:\\OSPanel\\domains\\php\\PHP_13Meet_11.07\\Pr13_11.07\\app\\Views\\Tours.php')
 3 SYSTEMPATH\View\View.php(227): CodeIgniter\View\View->CodeIgniter\View\{closure}()
 4 SYSTEMPATH\Common.php(1180): CodeIgniter\View\View->render()
 5 APPPATH\Controllers\Home.php(52): view()
 6 SYSTEMPATH\CodeIgniter.php(932): App\Controllers\Home->Tours()
 7 SYSTEMPATH\CodeIgniter.php(497): CodeIgniter\CodeIgniter->runController()
 8 SYSTEMPATH\CodeIgniter.php(366): CodeIgniter\CodeIgniter->handleRequest()
 9 FCPATH\index.php(67): CodeIgniter\CodeIgniter->run()
10 SYSTEMPATH\Commands\Server\rewrite.php(47): require_once('D:\\OSPanel\\domains\\php\\PHP_13Meet_11.07\\Pr13_11.07\\public\\index.php')
CRITICAL - 2023-07-14 15:57:30 --> Undefined variable $hotels
in APPPATH\Views\Tours.php on line 31.
 1 APPPATH\Views\Tours.php(31): CodeIgniter\Debug\Exceptions->errorHandler()
 2 SYSTEMPATH\View\View.php(224): include('D:\\OSPanel\\domains\\php\\PHP_13Meet_11.07\\Pr13_11.07\\app\\Views\\Tours.php')
 3 SYSTEMPATH\View\View.php(227): CodeIgniter\View\View->CodeIgniter\View\{closure}()
 4 SYSTEMPATH\Common.php(1180): CodeIgniter\View\View->render()
 5 APPPATH\Controllers\Home.php(53): view()
 6 SYSTEMPATH\CodeIgniter.php(932): App\Controllers\Home->Tours()
 7 SYSTEMPATH\CodeIgniter.php(497): CodeIgniter\CodeIgniter->runController()
 8 SYSTEMPATH\CodeIgniter.php(366): CodeIgniter\CodeIgniter->handleRequest()
 9 FCPATH\index.php(67): CodeIgniter\CodeIgniter->run()
10 SYSTEMPATH\Commands\Server\rewrite.php(47): require_once('D:\\OSPanel\\domains\\php\\PHP_13Meet_11.07\\Pr13_11.07\\public\\index.php')
CRITICAL - 2023-07-14 16:03:45 --> Cannot use object of type stdClass as array
in APPPATH\Controllers\Home.php on line 32.
 1 SYSTEMPATH\CodeIgniter.php(932): App\Controllers\Home->Tours()
 2 SYSTEMPATH\CodeIgniter.php(497): CodeIgniter\CodeIgniter->runController()
 3 SYSTEMPATH\CodeIgniter.php(366): CodeIgniter\CodeIgniter->handleRequest()
 4 FCPATH\index.php(67): CodeIgniter\CodeIgniter->run()
 5 SYSTEMPATH\Commands\Server\rewrite.php(47): require_once('D:\\OSPanel\\domains\\php\\PHP_13Meet_11.07\\Pr13_11.07\\public\\index.php')
CRITICAL - 2023-07-14 16:04:00 --> Cannot use object of type stdClass as array
in APPPATH\Controllers\Home.php on line 32.
 1 SYSTEMPATH\CodeIgniter.php(932): App\Controllers\Home->Tours()
 2 SYSTEMPATH\CodeIgniter.php(497): CodeIgniter\CodeIgniter->runController()
 3 SYSTEMPATH\CodeIgniter.php(366): CodeIgniter\CodeIgniter->handleRequest()
 4 FCPATH\index.php(67): CodeIgniter\CodeIgniter->run()
 5 SYSTEMPATH\Commands\Server\rewrite.php(47): require_once('D:\\OSPanel\\domains\\php\\PHP_13Meet_11.07\\Pr13_11.07\\public\\index.php')
CRITICAL - 2023-07-14 16:04:48 --> Cannot use object of type stdClass as array
in APPPATH\Controllers\Home.php on line 33.
 1 SYSTEMPATH\CodeIgniter.php(932): App\Controllers\Home->Tours()
 2 SYSTEMPATH\CodeIgniter.php(497): CodeIgniter\CodeIgniter->runController()
 3 SYSTEMPATH\CodeIgniter.php(366): CodeIgniter\CodeIgniter->handleRequest()
 4 FCPATH\index.php(67): CodeIgniter\CodeIgniter->run()
 5 SYSTEMPATH\Commands\Server\rewrite.php(47): require_once('D:\\OSPanel\\domains\\php\\PHP_13Meet_11.07\\Pr13_11.07\\public\\index.php')
CRITICAL - 2023-07-14 16:04:53 --> Cannot use object of type stdClass as array
in APPPATH\Controllers\Home.php on line 33.
 1 SYSTEMPATH\CodeIgniter.php(932): App\Controllers\Home->Tours()
 2 SYSTEMPATH\CodeIgniter.php(497): CodeIgniter\CodeIgniter->runController()
 3 SYSTEMPATH\CodeIgniter.php(366): CodeIgniter\CodeIgniter->handleRequest()
 4 FCPATH\index.php(67): CodeIgniter\CodeIgniter->run()
 5 SYSTEMPATH\Commands\Server\rewrite.php(47): require_once('D:\\OSPanel\\domains\\php\\PHP_13Meet_11.07\\Pr13_11.07\\public\\index.php')
CRITICAL - 2023-07-14 16:04:54 --> Cannot use object of type stdClass as array
in APPPATH\Controllers\Home.php on line 33.
 1 SYSTEMPATH\CodeIgniter.php(932): App\Controllers\Home->Tours()
 2 SYSTEMPATH\CodeIgniter.php(497): CodeIgniter\CodeIgniter->runController()
 3 SYSTEMPATH\CodeIgniter.php(366): CodeIgniter\CodeIgniter->handleRequest()
 4 FCPATH\index.php(67): CodeIgniter\CodeIgniter->run()
 5 SYSTEMPATH\Commands\Server\rewrite.php(47): require_once('D:\\OSPanel\\domains\\php\\PHP_13Meet_11.07\\Pr13_11.07\\public\\index.php')
CRITICAL - 2023-07-14 16:04:54 --> Cannot use object of type stdClass as array
in APPPATH\Controllers\Home.php on line 33.
 1 SYSTEMPATH\CodeIgniter.php(932): App\Controllers\Home->Tours()
 2 SYSTEMPATH\CodeIgniter.php(497): CodeIgniter\CodeIgniter->runController()
 3 SYSTEMPATH\CodeIgniter.php(366): CodeIgniter\CodeIgniter->handleRequest()
 4 FCPATH\index.php(67): CodeIgniter\CodeIgniter->run()
 5 SYSTEMPATH\Commands\Server\rewrite.php(47): require_once('D:\\OSPanel\\domains\\php\\PHP_13Meet_11.07\\Pr13_11.07\\public\\index.php')
